{"level":"info","message":"Post-Service is running on port 3002","service":"post-service","timestamp":"2025-09-30T10:10:51.120Z"}
{"level":"info","message":"Connected to MongoDB","service":"post-service","timestamp":"2025-09-30T10:10:51.905Z"}
{"level":"info","message":"Post-Service is running on port 3002","service":"post-service","timestamp":"2025-09-30T10:11:10.645Z"}
{"level":"info","message":"Connected to MongoDB","service":"post-service","timestamp":"2025-09-30T10:11:11.163Z"}
{"level":"info","message":"Post-Service is running on port 3002","service":"post-service","timestamp":"2025-10-01T05:59:33.748Z"}
{"level":"info","message":"Connected to MongoDB","service":"post-service","timestamp":"2025-10-01T05:59:34.379Z"}
{"level":"info","message":"Request: POST /api/posts/create-posts","service":"post-service","timestamp":"2025-10-01T06:08:20.248Z"}
{"level":"info","message":"Request Headers: {\"content-type\":\"application/json\",\"authorization\":\"Bearer eyJhbGciOiJIUzI1NiIsInR5cCI6IkpXVCJ9.eyJ1c2VySWQiOiI2OGRhNjFhZDFlM2Q0NDEyYjBkZWNjOTciLCJ1c2VybmFtZSI6Imtld2FsNCIsImlhdCI6MTc1OTI5ODc4MCwiZXhwIjoxNzU5Mjk5NjgwfQ.JGub5KB3bzfRD_azR1vsXH_Yo_OSVu4RotTcNSKCgPw\",\"user-agent\":\"PostmanRuntime/7.48.0\",\"accept\":\"*/*\",\"postman-token\":\"d6045181-3fd4-4993-ac87-b44e4facc109\",\"accept-encoding\":\"gzip, deflate, br\",\"content-length\":\"2\",\"connection\":\"close\",\"x-user-id\":\"68da61ad1e3d4412b0decc97\",\"accept-charset\":\"utf-8\",\"host\":\"localhost:3002\"}","service":"post-service","timestamp":"2025-10-01T06:08:20.249Z"}
{"level":"info","message":"Request: POST /api/posts/create-post","service":"post-service","timestamp":"2025-10-01T06:08:42.943Z"}
{"level":"info","message":"Request Headers: {\"content-type\":\"application/json\",\"authorization\":\"Bearer eyJhbGciOiJIUzI1NiIsInR5cCI6IkpXVCJ9.eyJ1c2VySWQiOiI2OGRhNjFhZDFlM2Q0NDEyYjBkZWNjOTciLCJ1c2VybmFtZSI6Imtld2FsNCIsImlhdCI6MTc1OTI5ODc4MCwiZXhwIjoxNzU5Mjk5NjgwfQ.JGub5KB3bzfRD_azR1vsXH_Yo_OSVu4RotTcNSKCgPw\",\"user-agent\":\"PostmanRuntime/7.48.0\",\"accept\":\"*/*\",\"postman-token\":\"05b79de5-5d8d-418d-96e4-4c382dd12f8c\",\"accept-encoding\":\"gzip, deflate, br\",\"content-length\":\"2\",\"connection\":\"close\",\"x-user-id\":\"68da61ad1e3d4412b0decc97\",\"accept-charset\":\"utf-8\",\"host\":\"localhost:3002\"}","service":"post-service","timestamp":"2025-10-01T06:08:42.945Z"}
{"level":"error","message":"Error creating post: Post is not defined","service":"post-service","timestamp":"2025-10-01T06:08:42.950Z"}
{"level":"info","message":"Post-Service is running on port 3002","service":"post-service","timestamp":"2025-10-01T06:10:10.881Z"}
{"level":"info","message":"Connected to MongoDB","service":"post-service","timestamp":"2025-10-01T06:10:11.371Z"}
{"level":"info","message":"Request: POST /api/posts/create-post","service":"post-service","timestamp":"2025-10-01T06:10:29.090Z"}
{"level":"info","message":"Request Headers: {\"content-type\":\"application/json\",\"authorization\":\"Bearer eyJhbGciOiJIUzI1NiIsInR5cCI6IkpXVCJ9.eyJ1c2VySWQiOiI2OGRhNjFhZDFlM2Q0NDEyYjBkZWNjOTciLCJ1c2VybmFtZSI6Imtld2FsNCIsImlhdCI6MTc1OTI5ODc4MCwiZXhwIjoxNzU5Mjk5NjgwfQ.JGub5KB3bzfRD_azR1vsXH_Yo_OSVu4RotTcNSKCgPw\",\"user-agent\":\"PostmanRuntime/7.48.0\",\"accept\":\"*/*\",\"postman-token\":\"8f3571a6-031b-4b4c-a998-6b50764d0903\",\"accept-encoding\":\"gzip, deflate, br\",\"content-length\":\"2\",\"connection\":\"close\",\"x-user-id\":\"68da61ad1e3d4412b0decc97\",\"accept-charset\":\"utf-8\",\"host\":\"localhost:3002\"}","service":"post-service","timestamp":"2025-10-01T06:10:29.092Z"}
{"level":"error","message":"Error creating post: Post validation failed: content: Path `content` is required.","service":"post-service","timestamp":"2025-10-01T06:10:29.116Z"}
{"level":"info","message":"Request: POST /api/posts/create-post","service":"post-service","timestamp":"2025-10-01T06:12:41.338Z"}
{"level":"info","message":"Request Headers: {\"content-type\":\"application/json\",\"authorization\":\"Bearer eyJhbGciOiJIUzI1NiIsInR5cCI6IkpXVCJ9.eyJ1c2VySWQiOiI2OGRhNjFhZDFlM2Q0NDEyYjBkZWNjOTciLCJ1c2VybmFtZSI6Imtld2FsNCIsImlhdCI6MTc1OTI5ODc4MCwiZXhwIjoxNzU5Mjk5NjgwfQ.JGub5KB3bzfRD_azR1vsXH_Yo_OSVu4RotTcNSKCgPw\",\"user-agent\":\"PostmanRuntime/7.48.0\",\"accept\":\"*/*\",\"postman-token\":\"9e22bc6b-dd7e-4994-bc3e-f97fb3ab336c\",\"accept-encoding\":\"gzip, deflate, br\",\"content-length\":\"27\",\"connection\":\"close\",\"x-user-id\":\"68da61ad1e3d4412b0decc97\",\"accept-charset\":\"utf-8\",\"host\":\"localhost:3002\"}","service":"post-service","timestamp":"2025-10-01T06:12:41.339Z"}
{"$__":{"$versionError":null,"activePaths":{"paths":{"content":"require","user":"require"},"states":{"default":{},"modify":{},"require":{"content":true,"user":true}}},"backup":{"activePaths":{"default":{"_id":true,"createdAt":true},"modify":{"content":true,"mediaIds":true,"updatedAt":true,"user":true}},"validationError":null},"cachedRequired":{},"inserting":true,"op":null,"pathsToScopes":{"mediaIds":{"__v":0,"_id":"68dcc659e08102d96043e418","content":"hello harshit","createdAt":"2025-10-01T06:12:41.350Z","mediaIds":[],"updatedAt":"2025-10-01T06:12:41.350Z","user":"68da61ad1e3d4412b0decc97"}},"saveOptions":null,"savedState":{},"saving":null,"validating":null},"$isNew":false,"_doc":{"__v":0,"_id":"68dcc659e08102d96043e418","content":"hello harshit","createdAt":"2025-10-01T06:12:41.350Z","mediaIds":[],"updatedAt":"2025-10-01T06:12:41.350Z","user":"68da61ad1e3d4412b0decc97"},"level":"info","message":"Post created successfully","service":"post-service","timestamp":"2025-10-01T06:12:41.389Z"}
{"level":"info","message":"Post-Service is running on port 3002","service":"post-service","timestamp":"2025-10-01T06:14:39.871Z"}
{"level":"info","message":"Connected to MongoDB","service":"post-service","timestamp":"2025-10-01T06:14:40.384Z"}
{"level":"info","message":"Post-Service is running on port 3002","service":"post-service","timestamp":"2025-10-01T06:15:26.115Z"}
{"level":"info","message":"Connected to MongoDB","service":"post-service","timestamp":"2025-10-01T06:15:26.541Z"}
{"level":"info","message":"Post-Service is running on port 3002","service":"post-service","timestamp":"2025-10-01T06:16:02.059Z"}
{"level":"info","message":"Connected to MongoDB","service":"post-service","timestamp":"2025-10-01T06:16:02.631Z"}
{"level":"info","message":"Post-Service is running on port 3002","service":"post-service","timestamp":"2025-10-01T06:16:17.317Z"}
{"level":"info","message":"Connected to MongoDB","service":"post-service","timestamp":"2025-10-01T06:16:18.397Z"}
{"level":"info","message":"Post-Service is running on port 3002","service":"post-service","timestamp":"2025-10-01T06:16:25.528Z"}
{"level":"info","message":"Connected to MongoDB","service":"post-service","timestamp":"2025-10-01T06:16:26.041Z"}
{"level":"info","message":"Post-Service is running on port 3002","service":"post-service","timestamp":"2025-10-01T06:16:32.213Z"}
{"level":"info","message":"Connected to MongoDB","service":"post-service","timestamp":"2025-10-01T06:16:32.646Z"}
{"level":"info","message":"Post-Service is running on port 3002","service":"post-service","timestamp":"2025-10-01T06:16:47.640Z"}
{"level":"info","message":"Connected to MongoDB","service":"post-service","timestamp":"2025-10-01T06:16:48.092Z"}
{"level":"info","message":"Post-Service is running on port 3002","service":"post-service","timestamp":"2025-10-01T06:16:59.944Z"}
{"level":"info","message":"Connected to MongoDB","service":"post-service","timestamp":"2025-10-01T06:17:00.587Z"}
{"level":"info","message":"Post-Service is running on port 3002","service":"post-service","timestamp":"2025-10-01T06:17:15.652Z"}
{"level":"info","message":"Connected to MongoDB","service":"post-service","timestamp":"2025-10-01T06:17:16.095Z"}
{"level":"info","message":"Post-Service is running on port 3002","service":"post-service","timestamp":"2025-10-01T06:17:49.260Z"}
{"level":"info","message":"Connected to MongoDB","service":"post-service","timestamp":"2025-10-01T06:17:49.744Z"}
{"level":"info","message":"Post-Service is running on port 3002","service":"post-service","timestamp":"2025-10-01T06:17:59.386Z"}
{"level":"info","message":"Connected to MongoDB","service":"post-service","timestamp":"2025-10-01T06:17:59.933Z"}
{"level":"info","message":"Post-Service is running on port 3002","service":"post-service","timestamp":"2025-10-01T06:18:07.372Z"}
{"level":"info","message":"Connected to MongoDB","service":"post-service","timestamp":"2025-10-01T06:18:07.905Z"}
{"level":"info","message":"Request: POST /api/posts/create-post","service":"post-service","timestamp":"2025-10-01T06:18:45.983Z"}
{"level":"info","message":"Request Headers: {\"content-type\":\"application/json\",\"authorization\":\"Bearer eyJhbGciOiJIUzI1NiIsInR5cCI6IkpXVCJ9.eyJ1c2VySWQiOiI2OGRhNjFhZDFlM2Q0NDEyYjBkZWNjOTciLCJ1c2VybmFtZSI6Imtld2FsNCIsImlhdCI6MTc1OTI5ODc4MCwiZXhwIjoxNzU5Mjk5NjgwfQ.JGub5KB3bzfRD_azR1vsXH_Yo_OSVu4RotTcNSKCgPw\",\"user-agent\":\"PostmanRuntime/7.48.0\",\"accept\":\"*/*\",\"postman-token\":\"60687c03-855f-4ddd-8e40-9d8aaa7bd45b\",\"accept-encoding\":\"gzip, deflate, br\",\"content-length\":\"14\",\"connection\":\"close\",\"x-user-id\":\"68da61ad1e3d4412b0decc97\",\"accept-charset\":\"utf-8\",\"host\":\"localhost:3002\"}","service":"post-service","timestamp":"2025-10-01T06:18:45.985Z"}
{"level":"info","message":"create post endpoint hit","service":"post-service","timestamp":"2025-10-01T06:18:45.994Z"}
{"error":{"_original":{"content":""},"details":[{"context":{"key":"content","label":"content","value":""},"message":"\"content\" is not allowed to be empty","path":["content"],"type":"string.empty"}]},"level":"warn","message":"Validation error","service":"post-service","timestamp":"2025-10-01T06:18:46.015Z","value":{"content":""}}
{"level":"info","message":"Request: POST /api/posts/create-post","service":"post-service","timestamp":"2025-10-01T06:19:19.401Z"}
{"level":"info","message":"Request Headers: {\"content-type\":\"application/json\",\"authorization\":\"Bearer eyJhbGciOiJIUzI1NiIsInR5cCI6IkpXVCJ9.eyJ1c2VySWQiOiI2OGRhNjFhZDFlM2Q0NDEyYjBkZWNjOTciLCJ1c2VybmFtZSI6Imtld2FsNCIsImlhdCI6MTc1OTI5ODc4MCwiZXhwIjoxNzU5Mjk5NjgwfQ.JGub5KB3bzfRD_azR1vsXH_Yo_OSVu4RotTcNSKCgPw\",\"user-agent\":\"PostmanRuntime/7.48.0\",\"accept\":\"*/*\",\"postman-token\":\"60d1d63f-78ab-414f-8eb0-0486e5aa4546\",\"accept-encoding\":\"gzip, deflate, br\",\"content-length\":\"2\",\"connection\":\"close\",\"x-user-id\":\"68da61ad1e3d4412b0decc97\",\"accept-charset\":\"utf-8\",\"host\":\"localhost:3002\"}","service":"post-service","timestamp":"2025-10-01T06:19:19.402Z"}
{"level":"info","message":"create post endpoint hit","service":"post-service","timestamp":"2025-10-01T06:19:19.407Z"}
{"error":{"_original":{},"details":[{"context":{"key":"content","label":"content"},"message":"\"content\" is required","path":["content"],"type":"any.required"}]},"level":"warn","message":"Validation error","service":"post-service","timestamp":"2025-10-01T06:19:19.409Z","value":{}}
{"level":"info","message":"Post-Service is running on port 3002","service":"post-service","timestamp":"2025-10-01T06:19:48.819Z"}
{"level":"info","message":"Connected to MongoDB","service":"post-service","timestamp":"2025-10-01T06:19:49.355Z"}
{"level":"info","message":"Post-Service is running on port 3002","service":"post-service","timestamp":"2025-10-01T06:20:25.730Z"}
{"level":"info","message":"Connected to MongoDB","service":"post-service","timestamp":"2025-10-01T06:20:26.331Z"}
{"level":"info","message":"Post-Service is running on port 3002","service":"post-service","timestamp":"2025-10-01T06:20:38.851Z"}
{"level":"info","message":"Connected to MongoDB","service":"post-service","timestamp":"2025-10-01T06:20:39.311Z"}
{"level":"info","message":"Post-Service is running on port 3002","service":"post-service","timestamp":"2025-10-01T06:28:13.350Z"}
{"level":"info","message":"Connected to MongoDB","service":"post-service","timestamp":"2025-10-01T06:28:14.045Z"}
{"level":"info","message":"Request: POST /api/posts/create-post","service":"post-service","timestamp":"2025-10-01T06:29:13.821Z"}
{"level":"info","message":"Request Headers: {\"content-type\":\"application/json\",\"authorization\":\"Bearer eyJhbGciOiJIUzI1NiIsInR5cCI6IkpXVCJ9.eyJ1c2VySWQiOiI2OGRhNjFhZDFlM2Q0NDEyYjBkZWNjOTciLCJ1c2VybmFtZSI6Imtld2FsNCIsImlhdCI6MTc1OTMwMDExMCwiZXhwIjoxNzU5MzAxMDEwfQ.C2AEmUsxwykWlZZficlJl5AUULf2yRoqIbF4cAYMfXc\",\"user-agent\":\"PostmanRuntime/7.48.0\",\"accept\":\"*/*\",\"postman-token\":\"4305cb4d-f56b-4fd1-af69-b9dc14434ea6\",\"accept-encoding\":\"gzip, deflate, br\",\"content-length\":\"2\",\"connection\":\"close\",\"x-user-id\":\"68da61ad1e3d4412b0decc97\",\"accept-charset\":\"utf-8\",\"host\":\"localhost:3002\"}","service":"post-service","timestamp":"2025-10-01T06:29:13.822Z"}
{"level":"info","message":"create post endpoint hit","service":"post-service","timestamp":"2025-10-01T06:29:13.824Z"}
{"level":"error","message":"Error creating post: Post validation failed: content: Path `content` is required.","service":"post-service","timestamp":"2025-10-01T06:29:13.856Z"}
{"level":"info","message":"Post-Service is running on port 3002","service":"post-service","timestamp":"2025-10-01T06:30:49.275Z"}
{"level":"info","message":"Connected to MongoDB","service":"post-service","timestamp":"2025-10-01T06:30:49.745Z"}
{"level":"info","message":"Request: POST /api/posts/create-post","service":"post-service","timestamp":"2025-10-01T06:31:02.187Z"}
{"level":"info","message":"Request Headers: {\"content-type\":\"application/json\",\"authorization\":\"Bearer eyJhbGciOiJIUzI1NiIsInR5cCI6IkpXVCJ9.eyJ1c2VySWQiOiI2OGRhNjFhZDFlM2Q0NDEyYjBkZWNjOTciLCJ1c2VybmFtZSI6Imtld2FsNCIsImlhdCI6MTc1OTMwMDExMCwiZXhwIjoxNzU5MzAxMDEwfQ.C2AEmUsxwykWlZZficlJl5AUULf2yRoqIbF4cAYMfXc\",\"user-agent\":\"PostmanRuntime/7.48.0\",\"accept\":\"*/*\",\"postman-token\":\"f63c13cc-6fb3-4af6-9c3e-779708a6f333\",\"accept-encoding\":\"gzip, deflate, br\",\"content-length\":\"2\",\"connection\":\"close\",\"x-user-id\":\"68da61ad1e3d4412b0decc97\",\"accept-charset\":\"utf-8\",\"host\":\"localhost:3002\"}","service":"post-service","timestamp":"2025-10-01T06:31:02.188Z"}
{"level":"info","message":"create post endpoint hit","service":"post-service","timestamp":"2025-10-01T06:31:02.192Z"}
{"0":"\"","1":"c","10":"i","11":"s","12":" ","13":"r","14":"e","15":"q","16":"u","17":"i","18":"r","19":"e","2":"o","20":"d","3":"n","4":"t","5":"e","6":"n","7":"t","8":"\"","9":" ","level":"warn","message":"Validation error","service":"post-service","timestamp":"2025-10-01T06:31:02.200Z"}
{"level":"info","message":"Post-Service is running on port 3002","service":"post-service","timestamp":"2025-10-01T06:39:08.434Z"}
{"level":"info","message":"Connected to MongoDB","service":"post-service","timestamp":"2025-10-01T06:39:08.975Z"}
{"level":"info","message":"Request: POST /api/posts/create-post","service":"post-service","timestamp":"2025-10-01T06:39:10.699Z"}
{"level":"info","message":"Request Headers: {\"content-type\":\"application/json\",\"authorization\":\"Bearer eyJhbGciOiJIUzI1NiIsInR5cCI6IkpXVCJ9.eyJ1c2VySWQiOiI2OGRhNjFhZDFlM2Q0NDEyYjBkZWNjOTciLCJ1c2VybmFtZSI6Imtld2FsNCIsImlhdCI6MTc1OTMwMDExMCwiZXhwIjoxNzU5MzAxMDEwfQ.C2AEmUsxwykWlZZficlJl5AUULf2yRoqIbF4cAYMfXc\",\"user-agent\":\"PostmanRuntime/7.48.0\",\"accept\":\"*/*\",\"postman-token\":\"44862dce-6485-4d5d-8631-a32cf451395c\",\"accept-encoding\":\"gzip, deflate, br\",\"content-length\":\"2\",\"connection\":\"close\",\"x-user-id\":\"68da61ad1e3d4412b0decc97\",\"accept-charset\":\"utf-8\",\"host\":\"localhost:3002\"}","service":"post-service","timestamp":"2025-10-01T06:39:10.700Z"}
{"level":"info","message":"create post endpoint hit","service":"post-service","timestamp":"2025-10-01T06:39:10.703Z"}
{"level":"warn","message":"Validation error: \"content\" is required","service":"post-service","timestamp":"2025-10-01T06:39:10.714Z"}
{"level":"info","message":"Post-Service is running on port 3002","service":"post-service","timestamp":"2025-10-01T06:43:35.192Z"}
{"level":"info","message":"Connected to MongoDB","service":"post-service","timestamp":"2025-10-01T06:43:35.808Z"}
{"level":"info","message":"Post-Service is running on port 3002","service":"post-service","timestamp":"2025-10-01T06:43:39.229Z"}
{"level":"info","message":"Connected to MongoDB","service":"post-service","timestamp":"2025-10-01T06:43:39.738Z"}
{"level":"info","message":"Post-Service is running on port 3002","service":"post-service","timestamp":"2025-10-01T06:55:48.058Z"}
{"level":"info","message":"Connected to MongoDB","service":"post-service","timestamp":"2025-10-01T06:55:48.778Z"}
{"level":"info","message":"Post-Service is running on port 3002","service":"post-service","timestamp":"2025-10-01T06:55:57.382Z"}
{"level":"info","message":"Connected to MongoDB","service":"post-service","timestamp":"2025-10-01T06:55:57.811Z"}
{"level":"info","message":"Post-Service is running on port 3002","service":"post-service","timestamp":"2025-10-01T06:56:21.637Z"}
{"level":"info","message":"Connected to MongoDB","service":"post-service","timestamp":"2025-10-01T06:56:22.092Z"}
{"level":"info","message":"Post-Service is running on port 3002","service":"post-service","timestamp":"2025-10-01T06:56:54.874Z"}
{"level":"info","message":"Connected to MongoDB","service":"post-service","timestamp":"2025-10-01T06:56:55.661Z"}
{"level":"info","message":"Post-Service is running on port 3002","service":"post-service","timestamp":"2025-10-01T06:57:14.929Z"}
{"level":"info","message":"Connected to MongoDB","service":"post-service","timestamp":"2025-10-01T06:57:15.596Z"}
{"level":"info","message":"Post-Service is running on port 3002","service":"post-service","timestamp":"2025-10-01T06:57:55.287Z"}
{"level":"info","message":"Connected to MongoDB","service":"post-service","timestamp":"2025-10-01T06:57:55.821Z"}
{"level":"info","message":"Post-Service is running on port 3002","service":"post-service","timestamp":"2025-10-01T06:58:08.911Z"}
{"level":"info","message":"Connected to MongoDB","service":"post-service","timestamp":"2025-10-01T06:58:09.376Z"}
{"level":"info","message":"Post-Service is running on port 3002","service":"post-service","timestamp":"2025-10-01T06:58:17.049Z"}
{"level":"info","message":"Connected to MongoDB","service":"post-service","timestamp":"2025-10-01T06:58:17.616Z"}
{"level":"info","message":"Post-Service is running on port 3002","service":"post-service","timestamp":"2025-10-01T06:59:11.448Z"}
{"level":"info","message":"Post-Service is running on port 3002","service":"post-service","timestamp":"2025-10-01T06:59:24.924Z"}
{"level":"info","message":"Connected to MongoDB","service":"post-service","timestamp":"2025-10-01T06:59:25.418Z"}
{"level":"info","message":"Post-Service is running on port 3002","service":"post-service","timestamp":"2025-10-01T06:59:33.532Z"}
{"level":"info","message":"Connected to MongoDB","service":"post-service","timestamp":"2025-10-01T06:59:34.145Z"}
{"level":"info","message":"Post-Service is running on port 3002","service":"post-service","timestamp":"2025-10-01T06:59:42.185Z"}
{"level":"info","message":"Post-Service is running on port 3002","service":"post-service","timestamp":"2025-10-01T06:59:59.312Z"}
{"level":"info","message":"Connected to MongoDB","service":"post-service","timestamp":"2025-10-01T07:00:00.238Z"}
{"level":"info","message":"Post-Service is running on port 3002","service":"post-service","timestamp":"2025-10-01T07:00:26.313Z"}
{"level":"info","message":"Connected to MongoDB","service":"post-service","timestamp":"2025-10-01T07:00:26.885Z"}
{"level":"info","message":"Post-Service is running on port 3002","service":"post-service","timestamp":"2025-10-01T07:00:39.257Z"}
{"level":"info","message":"Connected to MongoDB","service":"post-service","timestamp":"2025-10-01T07:00:39.821Z"}
{"level":"info","message":"Post-Service is running on port 3002","service":"post-service","timestamp":"2025-10-01T07:00:50.723Z"}
{"level":"info","message":"Connected to MongoDB","service":"post-service","timestamp":"2025-10-01T07:00:51.662Z"}
{"level":"info","message":"Post-Service is running on port 3002","service":"post-service","timestamp":"2025-10-01T07:01:17.166Z"}
{"level":"info","message":"Connected to MongoDB","service":"post-service","timestamp":"2025-10-01T07:01:17.721Z"}
{"level":"info","message":"Post-Service is running on port 3002","service":"post-service","timestamp":"2025-10-01T07:01:22.799Z"}
{"level":"info","message":"Connected to MongoDB","service":"post-service","timestamp":"2025-10-01T07:01:23.243Z"}
{"level":"info","message":"Post-Service is running on port 3002","service":"post-service","timestamp":"2025-10-01T07:01:38.398Z"}
{"level":"info","message":"Connected to MongoDB","service":"post-service","timestamp":"2025-10-01T07:01:38.961Z"}
{"level":"info","message":"Post-Service is running on port 3002","service":"post-service","timestamp":"2025-10-01T07:02:06.107Z"}
{"level":"info","message":"Connected to MongoDB","service":"post-service","timestamp":"2025-10-01T07:02:06.734Z"}
{"level":"info","message":"Post-Service is running on port 3002","service":"post-service","timestamp":"2025-10-01T07:02:10.276Z"}
{"level":"info","message":"Connected to MongoDB","service":"post-service","timestamp":"2025-10-01T07:02:11.235Z"}
{"level":"info","message":"Post-Service is running on port 3002","service":"post-service","timestamp":"2025-10-01T07:02:30.995Z"}
{"level":"info","message":"Connected to MongoDB","service":"post-service","timestamp":"2025-10-01T07:02:31.424Z"}
{"level":"info","message":"Post-Service is running on port 3002","service":"post-service","timestamp":"2025-10-01T07:02:44.641Z"}
{"level":"info","message":"Connected to MongoDB","service":"post-service","timestamp":"2025-10-01T07:02:45.311Z"}
{"level":"info","message":"Post-Service is running on port 3002","service":"post-service","timestamp":"2025-10-01T07:02:53.497Z"}
{"level":"info","message":"Connected to MongoDB","service":"post-service","timestamp":"2025-10-01T07:02:54.018Z"}
{"level":"info","message":"Post-Service is running on port 3002","service":"post-service","timestamp":"2025-10-01T07:02:59.490Z"}
{"level":"info","message":"Connected to MongoDB","service":"post-service","timestamp":"2025-10-01T07:02:59.966Z"}
{"level":"info","message":"Post-Service is running on port 3002","service":"post-service","timestamp":"2025-10-01T07:03:04.764Z"}
{"level":"info","message":"Connected to MongoDB","service":"post-service","timestamp":"2025-10-01T07:03:05.225Z"}
{"level":"info","message":"Post-Service is running on port 3002","service":"post-service","timestamp":"2025-10-01T07:03:21.069Z"}
{"level":"info","message":"Connected to MongoDB","service":"post-service","timestamp":"2025-10-01T07:03:21.699Z"}
{"level":"info","message":"Post-Service is running on port 3002","service":"post-service","timestamp":"2025-10-01T07:03:32.999Z"}
{"level":"info","message":"Connected to MongoDB","service":"post-service","timestamp":"2025-10-01T07:03:33.489Z"}
{"level":"info","message":"Post-Service is running on port 3002","service":"post-service","timestamp":"2025-10-01T07:03:54.731Z"}
{"level":"info","message":"Connected to MongoDB","service":"post-service","timestamp":"2025-10-01T07:03:55.517Z"}
{"level":"info","message":"Post-Service is running on port 3002","service":"post-service","timestamp":"2025-10-01T07:04:35.160Z"}
{"level":"info","message":"Connected to MongoDB","service":"post-service","timestamp":"2025-10-01T07:04:35.780Z"}
{"level":"info","message":"Post-Service is running on port 3002","service":"post-service","timestamp":"2025-10-01T07:04:42.674Z"}
{"level":"info","message":"Connected to MongoDB","service":"post-service","timestamp":"2025-10-01T07:04:43.169Z"}
{"level":"info","message":"Post-Service is running on port 3002","service":"post-service","timestamp":"2025-10-01T07:04:47.446Z"}
{"level":"info","message":"Connected to MongoDB","service":"post-service","timestamp":"2025-10-01T07:04:48.017Z"}
{"level":"info","message":"Post-Service is running on port 3002","service":"post-service","timestamp":"2025-10-01T07:05:03.303Z"}
{"level":"info","message":"Connected to MongoDB","service":"post-service","timestamp":"2025-10-01T07:05:04.076Z"}
{"level":"info","message":"Post-Service is running on port 3002","service":"post-service","timestamp":"2025-10-01T07:05:25.296Z"}
{"level":"info","message":"Post-Service is running on port 3002","service":"post-service","timestamp":"2025-10-01T07:05:28.742Z"}
{"level":"info","message":"Connected to MongoDB","service":"post-service","timestamp":"2025-10-01T07:05:29.259Z"}
{"level":"info","message":"Post-Service is running on port 3002","service":"post-service","timestamp":"2025-10-01T07:05:33.926Z"}
{"level":"info","message":"Connected to MongoDB","service":"post-service","timestamp":"2025-10-01T07:05:34.497Z"}
{"level":"info","message":"Post-Service is running on port 3002","service":"post-service","timestamp":"2025-10-01T07:05:55.222Z"}
{"level":"info","message":"Connected to MongoDB","service":"post-service","timestamp":"2025-10-01T07:05:55.782Z"}
{"level":"info","message":"Post-Service is running on port 3002","service":"post-service","timestamp":"2025-10-01T07:06:08.265Z"}
{"level":"info","message":"Connected to MongoDB","service":"post-service","timestamp":"2025-10-01T07:06:08.727Z"}
{"level":"info","message":"Post-Service is running on port 3002","service":"post-service","timestamp":"2025-10-01T07:06:23.689Z"}
{"level":"info","message":"Connected to MongoDB","service":"post-service","timestamp":"2025-10-01T07:06:24.165Z"}
{"level":"info","message":"Post-Service is running on port 3002","service":"post-service","timestamp":"2025-10-01T07:06:51.587Z"}
{"level":"info","message":"Connected to MongoDB","service":"post-service","timestamp":"2025-10-01T07:06:52.065Z"}
{"level":"info","message":"Post-Service is running on port 3002","service":"post-service","timestamp":"2025-10-01T07:07:27.445Z"}
{"level":"info","message":"Connected to MongoDB","service":"post-service","timestamp":"2025-10-01T07:07:28.119Z"}
{"level":"info","message":"Post-Service is running on port 3002","service":"post-service","timestamp":"2025-10-01T07:08:29.732Z"}
{"level":"info","message":"Connected to MongoDB","service":"post-service","timestamp":"2025-10-01T07:08:30.217Z"}
{"level":"info","message":"Post-Service is running on port 3002","service":"post-service","timestamp":"2025-10-01T07:08:41.159Z"}
{"level":"info","message":"Connected to MongoDB","service":"post-service","timestamp":"2025-10-01T07:08:41.680Z"}
{"level":"info","message":"Request: GET /api/posts/posts","service":"post-service","timestamp":"2025-10-01T07:11:14.379Z"}
{"level":"info","message":"Request Headers: {\"content-type\":\"application/json\",\"authorization\":\"Bearer eyJhbGciOiJIUzI1NiIsInR5cCI6IkpXVCJ9.eyJ1c2VySWQiOiI2OGRhNjFhZDFlM2Q0NDEyYjBkZWNjOTciLCJ1c2VybmFtZSI6Imtld2FsNCIsImlhdCI6MTc1OTMwMjYyOCwiZXhwIjoxNzU5MzAzNTI4fQ.qBDCaBIo7_B0EGbsmRYsiyihGEgGHKzHXXEZTtXdnMY\",\"user-agent\":\"PostmanRuntime/7.48.0\",\"accept\":\"*/*\",\"postman-token\":\"a6d83a42-a2b2-4ed2-b756-ca6b947ea864\",\"accept-encoding\":\"gzip, deflate, br\",\"connection\":\"close\",\"x-user-id\":\"68da61ad1e3d4412b0decc97\",\"content-length\":\"0\",\"accept-charset\":\"utf-8\",\"host\":\"localhost:3002\"}","service":"post-service","timestamp":"2025-10-01T07:11:14.380Z"}
{"level":"info","message":"getAllPosts endpoint hit","service":"post-service","timestamp":"2025-10-01T07:11:14.382Z"}
{"currentPage":1,"level":"info","limit":10,"message":"Posts fetched successfully","posts":[{"__v":0,"_id":"68dcc659e08102d96043e418","content":"hello harshit","createdAt":"2025-10-01T06:12:41.350Z","mediaIds":[],"updatedAt":"2025-10-01T06:12:41.350Z","user":"68da61ad1e3d4412b0decc97"}],"service":"post-service","timestamp":"2025-10-01T07:11:14.474Z","totalPages":1,"totalPosts":1}
{"level":"info","message":"Request: GET /api/posts/posts","service":"post-service","timestamp":"2025-10-01T07:11:21.445Z"}
{"level":"info","message":"Request Headers: {\"authorization\":\"Bearer eyJhbGciOiJIUzI1NiIsInR5cCI6IkpXVCJ9.eyJ1c2VySWQiOiI2OGRhNjFhZDFlM2Q0NDEyYjBkZWNjOTciLCJ1c2VybmFtZSI6Imtld2FsNCIsImlhdCI6MTc1OTMwMjYyOCwiZXhwIjoxNzU5MzAzNTI4fQ.qBDCaBIo7_B0EGbsmRYsiyihGEgGHKzHXXEZTtXdnMY\",\"user-agent\":\"PostmanRuntime/7.48.0\",\"accept\":\"*/*\",\"postman-token\":\"ce171c2b-4adf-4a7f-9f13-d9983a19006e\",\"accept-encoding\":\"gzip, deflate, br\",\"connection\":\"close\",\"content-type\":\"application/json\",\"x-user-id\":\"68da61ad1e3d4412b0decc97\",\"content-length\":\"0\",\"accept-charset\":\"utf-8\",\"host\":\"localhost:3002\"}","service":"post-service","timestamp":"2025-10-01T07:11:21.446Z"}
{"level":"info","message":"getAllPosts endpoint hit","service":"post-service","timestamp":"2025-10-01T07:11:21.449Z"}
{"level":"info","message":"Request: POST /api/posts/create-post","service":"post-service","timestamp":"2025-10-01T07:12:03.314Z"}
{"level":"info","message":"Request Headers: {\"content-type\":\"application/json\",\"authorization\":\"Bearer eyJhbGciOiJIUzI1NiIsInR5cCI6IkpXVCJ9.eyJ1c2VySWQiOiI2OGRhNjFhZDFlM2Q0NDEyYjBkZWNjOTciLCJ1c2VybmFtZSI6Imtld2FsNCIsImlhdCI6MTc1OTMwMjYyOCwiZXhwIjoxNzU5MzAzNTI4fQ.qBDCaBIo7_B0EGbsmRYsiyihGEgGHKzHXXEZTtXdnMY\",\"user-agent\":\"PostmanRuntime/7.48.0\",\"accept\":\"*/*\",\"postman-token\":\"cfe26084-ef61-4c53-9239-171e31867616\",\"accept-encoding\":\"gzip, deflate, br\",\"content-length\":\"22\",\"connection\":\"close\",\"x-user-id\":\"68da61ad1e3d4412b0decc97\",\"accept-charset\":\"utf-8\",\"host\":\"localhost:3002\"}","service":"post-service","timestamp":"2025-10-01T07:12:03.318Z"}
{"level":"info","message":"create post endpoint hit","service":"post-service","timestamp":"2025-10-01T07:12:03.320Z"}
{"$__":{"$versionError":null,"activePaths":{"paths":{"content":"require","user":"require"},"states":{"default":{},"modify":{},"require":{"content":true,"user":true}}},"backup":{"activePaths":{"default":{"_id":true,"createdAt":true},"modify":{"content":true,"mediaIds":true,"updatedAt":true,"user":true}},"validationError":null},"cachedRequired":{},"inserting":true,"op":null,"pathsToScopes":{"mediaIds":{"__v":0,"_id":"68dcd443c429977ac468b101","content":"new post","createdAt":"2025-10-01T07:12:03.341Z","mediaIds":[],"updatedAt":"2025-10-01T07:12:03.341Z","user":"68da61ad1e3d4412b0decc97"}},"saveOptions":null,"savedState":{},"saving":null,"validating":null},"$isNew":false,"_doc":{"__v":0,"_id":"68dcd443c429977ac468b101","content":"new post","createdAt":"2025-10-01T07:12:03.341Z","mediaIds":[],"updatedAt":"2025-10-01T07:12:03.341Z","user":"68da61ad1e3d4412b0decc97"},"level":"info","message":"Post created successfully","service":"post-service","timestamp":"2025-10-01T07:12:03.398Z"}
{"level":"info","message":"Request: GET /api/posts/posts","service":"post-service","timestamp":"2025-10-01T07:12:09.044Z"}
{"level":"info","message":"Request Headers: {\"authorization\":\"Bearer eyJhbGciOiJIUzI1NiIsInR5cCI6IkpXVCJ9.eyJ1c2VySWQiOiI2OGRhNjFhZDFlM2Q0NDEyYjBkZWNjOTciLCJ1c2VybmFtZSI6Imtld2FsNCIsImlhdCI6MTc1OTMwMjYyOCwiZXhwIjoxNzU5MzAzNTI4fQ.qBDCaBIo7_B0EGbsmRYsiyihGEgGHKzHXXEZTtXdnMY\",\"user-agent\":\"PostmanRuntime/7.48.0\",\"accept\":\"*/*\",\"postman-token\":\"ff1bd7de-86e8-4de1-9fa1-ba8c23088629\",\"accept-encoding\":\"gzip, deflate, br\",\"connection\":\"close\",\"content-type\":\"application/json\",\"x-user-id\":\"68da61ad1e3d4412b0decc97\",\"content-length\":\"0\",\"accept-charset\":\"utf-8\",\"host\":\"localhost:3002\"}","service":"post-service","timestamp":"2025-10-01T07:12:09.051Z"}
{"level":"info","message":"getAllPosts endpoint hit","service":"post-service","timestamp":"2025-10-01T07:12:09.052Z"}
{"level":"info","message":"Request: GET /api/posts/posts","service":"post-service","timestamp":"2025-10-01T07:12:16.310Z"}
{"level":"info","message":"Request Headers: {\"authorization\":\"Bearer eyJhbGciOiJIUzI1NiIsInR5cCI6IkpXVCJ9.eyJ1c2VySWQiOiI2OGRhNjFhZDFlM2Q0NDEyYjBkZWNjOTciLCJ1c2VybmFtZSI6Imtld2FsNCIsImlhdCI6MTc1OTMwMjYyOCwiZXhwIjoxNzU5MzAzNTI4fQ.qBDCaBIo7_B0EGbsmRYsiyihGEgGHKzHXXEZTtXdnMY\",\"user-agent\":\"PostmanRuntime/7.48.0\",\"accept\":\"*/*\",\"postman-token\":\"c0548028-8cab-42d6-b52e-15e02724282e\",\"accept-encoding\":\"gzip, deflate, br\",\"connection\":\"close\",\"content-type\":\"application/json\",\"x-user-id\":\"68da61ad1e3d4412b0decc97\",\"content-length\":\"0\",\"accept-charset\":\"utf-8\",\"host\":\"localhost:3002\"}","service":"post-service","timestamp":"2025-10-01T07:12:16.313Z"}
{"level":"info","message":"getAllPosts endpoint hit","service":"post-service","timestamp":"2025-10-01T07:12:16.315Z"}
{"level":"info","message":"Request: GET /api/posts/posts","service":"post-service","timestamp":"2025-10-01T07:13:03.079Z"}
{"level":"info","message":"Request Headers: {\"authorization\":\"Bearer eyJhbGciOiJIUzI1NiIsInR5cCI6IkpXVCJ9.eyJ1c2VySWQiOiI2OGRhNjFhZDFlM2Q0NDEyYjBkZWNjOTciLCJ1c2VybmFtZSI6Imtld2FsNCIsImlhdCI6MTc1OTMwMjYyOCwiZXhwIjoxNzU5MzAzNTI4fQ.qBDCaBIo7_B0EGbsmRYsiyihGEgGHKzHXXEZTtXdnMY\",\"user-agent\":\"PostmanRuntime/7.48.0\",\"accept\":\"*/*\",\"postman-token\":\"aacdd95b-1b12-465a-b9ac-c7c32345420f\",\"accept-encoding\":\"gzip, deflate, br\",\"connection\":\"close\",\"content-type\":\"application/json\",\"x-user-id\":\"68da61ad1e3d4412b0decc97\",\"content-length\":\"0\",\"accept-charset\":\"utf-8\",\"host\":\"localhost:3002\"}","service":"post-service","timestamp":"2025-10-01T07:13:03.081Z"}
{"level":"info","message":"getAllPosts endpoint hit","service":"post-service","timestamp":"2025-10-01T07:13:03.087Z"}
{"level":"info","message":"Request: GET /api/posts/posts","service":"post-service","timestamp":"2025-10-01T08:02:42.022Z"}
{"level":"info","message":"Request Headers: {\"authorization\":\"Bearer eyJhbGciOiJIUzI1NiIsInR5cCI6IkpXVCJ9.eyJ1c2VySWQiOiI2OGRhNjFhZDFlM2Q0NDEyYjBkZWNjOTciLCJ1c2VybmFtZSI6Imtld2FsNCIsImlhdCI6MTc1OTMwNTc0NiwiZXhwIjoxNzU5MzA2NjQ2fQ.hNzstFPIDzVAAVvVNLTEo4_C6Q-Z8CFODgt2Hbp4iiE\",\"user-agent\":\"PostmanRuntime/7.48.0\",\"accept\":\"*/*\",\"postman-token\":\"a9b02300-56cf-48d3-b86f-3cb26ba80ab8\",\"accept-encoding\":\"gzip, deflate, br\",\"connection\":\"close\",\"content-type\":\"application/json\",\"x-user-id\":\"68da61ad1e3d4412b0decc97\",\"content-length\":\"0\",\"accept-charset\":\"utf-8\",\"host\":\"localhost:3002\"}","service":"post-service","timestamp":"2025-10-01T08:02:42.024Z"}
{"level":"info","message":"getAllPosts endpoint hit","service":"post-service","timestamp":"2025-10-01T08:02:42.025Z"}
{"currentPage":1,"level":"info","limit":10,"message":"Posts fetched successfully","posts":[{"__v":0,"_id":"68dcd443c429977ac468b101","content":"new post","createdAt":"2025-10-01T07:12:03.341Z","mediaIds":[],"updatedAt":"2025-10-01T07:12:03.341Z","user":"68da61ad1e3d4412b0decc97"},{"__v":0,"_id":"68dcc659e08102d96043e418","content":"hello harshit","createdAt":"2025-10-01T06:12:41.350Z","mediaIds":[],"updatedAt":"2025-10-01T06:12:41.350Z","user":"68da61ad1e3d4412b0decc97"}],"service":"post-service","timestamp":"2025-10-01T08:02:42.080Z","totalPages":1,"totalPosts":2}
{"level":"info","message":"Post-Service is running on port 3002","service":"post-service","timestamp":"2025-10-01T10:05:49.067Z"}
{"level":"info","message":"Connected to MongoDB","service":"post-service","timestamp":"2025-10-01T10:05:49.500Z"}
{"level":"info","message":"Post-Service is running on port 3002","service":"post-service","timestamp":"2025-10-03T04:34:26.283Z"}
{"level":"info","message":"Connected to MongoDB","service":"post-service","timestamp":"2025-10-03T04:34:26.900Z"}
{"level":"info","message":"Request: GET /api/posts/posts","service":"post-service","timestamp":"2025-10-03T04:36:54.724Z"}
{"level":"info","message":"Request Headers: {\"authorization\":\"Bearer eyJhbGciOiJIUzI1NiIsInR5cCI6IkpXVCJ9.eyJ1c2VySWQiOiI2OGRhNjFhZDFlM2Q0NDEyYjBkZWNjOTciLCJ1c2VybmFtZSI6Imtld2FsNCIsImlhdCI6MTc1OTQ2NjE2MCwiZXhwIjoxNzU5NDY3MDYwfQ.IbWwSz1Hjga137AjkBFNQZM_6bKmmZQri2olfGS8hD8\",\"user-agent\":\"PostmanRuntime/7.48.0\",\"accept\":\"*/*\",\"postman-token\":\"9ddafc1a-57df-4dec-9706-bb9fb20332fe\",\"accept-encoding\":\"gzip, deflate, br\",\"connection\":\"close\",\"content-type\":\"application/json\",\"x-user-id\":\"68da61ad1e3d4412b0decc97\",\"content-length\":\"0\",\"accept-charset\":\"utf-8\",\"host\":\"localhost:3002\"}","service":"post-service","timestamp":"2025-10-03T04:36:54.725Z"}
{"level":"info","message":"getAllPosts endpoint hit","service":"post-service","timestamp":"2025-10-03T04:36:54.727Z"}
{"currentPage":1,"level":"info","limit":10,"message":"Posts fetched successfully","posts":[{"__v":0,"_id":"68dcd443c429977ac468b101","content":"new post","createdAt":"2025-10-01T07:12:03.341Z","mediaIds":[],"updatedAt":"2025-10-01T07:12:03.341Z","user":"68da61ad1e3d4412b0decc97"},{"__v":0,"_id":"68dcc659e08102d96043e418","content":"hello harshit","createdAt":"2025-10-01T06:12:41.350Z","mediaIds":[],"updatedAt":"2025-10-01T06:12:41.350Z","user":"68da61ad1e3d4412b0decc97"}],"service":"post-service","timestamp":"2025-10-03T04:36:54.794Z","totalPages":1,"totalPosts":2}
{"level":"info","message":"Request: GET /api/posts/posts","service":"post-service","timestamp":"2025-10-03T04:37:00.785Z"}
{"level":"info","message":"Request Headers: {\"authorization\":\"Bearer eyJhbGciOiJIUzI1NiIsInR5cCI6IkpXVCJ9.eyJ1c2VySWQiOiI2OGRhNjFhZDFlM2Q0NDEyYjBkZWNjOTciLCJ1c2VybmFtZSI6Imtld2FsNCIsImlhdCI6MTc1OTQ2NjE2MCwiZXhwIjoxNzU5NDY3MDYwfQ.IbWwSz1Hjga137AjkBFNQZM_6bKmmZQri2olfGS8hD8\",\"user-agent\":\"PostmanRuntime/7.48.0\",\"accept\":\"*/*\",\"postman-token\":\"e799a285-9a3c-44fe-bd34-2ca5d800d4a3\",\"accept-encoding\":\"gzip, deflate, br\",\"connection\":\"close\",\"content-type\":\"application/json\",\"x-user-id\":\"68da61ad1e3d4412b0decc97\",\"content-length\":\"0\",\"accept-charset\":\"utf-8\",\"host\":\"localhost:3002\"}","service":"post-service","timestamp":"2025-10-03T04:37:00.791Z"}
{"level":"info","message":"getAllPosts endpoint hit","service":"post-service","timestamp":"2025-10-03T04:37:00.795Z"}
{"level":"info","message":"Request: POST /api/posts/create-post","service":"post-service","timestamp":"2025-10-03T04:38:38.044Z"}
{"level":"info","message":"Request Headers: {\"content-type\":\"application/json\",\"authorization\":\"Bearer eyJhbGciOiJIUzI1NiIsInR5cCI6IkpXVCJ9.eyJ1c2VySWQiOiI2OGRhNjFhZDFlM2Q0NDEyYjBkZWNjOTciLCJ1c2VybmFtZSI6Imtld2FsNCIsImlhdCI6MTc1OTQ2NjI4NSwiZXhwIjoxNzU5NDY3MTg1fQ.EMHwj8KkZTprKX8VleN3wle9b1Ei6wcpWofNmtjhHk0\",\"user-agent\":\"PostmanRuntime/7.48.0\",\"accept\":\"*/*\",\"postman-token\":\"c0a6962e-1cb4-4130-a735-09ac7f3a232f\",\"accept-encoding\":\"gzip, deflate, br\",\"content-length\":\"23\",\"connection\":\"close\",\"x-user-id\":\"68da61ad1e3d4412b0decc97\",\"accept-charset\":\"utf-8\",\"host\":\"localhost:3002\"}","service":"post-service","timestamp":"2025-10-03T04:38:38.047Z"}
{"level":"info","message":"create post endpoint hit","service":"post-service","timestamp":"2025-10-03T04:38:38.056Z"}
{"$__":{"$versionError":null,"activePaths":{"paths":{"content":"require","user":"require"},"states":{"default":{},"modify":{},"require":{"content":true,"user":true}}},"backup":{"activePaths":{"default":{"_id":true,"createdAt":true},"modify":{"content":true,"mediaIds":true,"updatedAt":true,"user":true}},"validationError":null},"cachedRequired":{},"inserting":true,"op":null,"pathsToScopes":{"mediaIds":{"__v":0,"_id":"68df534e5ba3a045976c4035","content":"new post2","createdAt":"2025-10-03T04:38:38.080Z","mediaIds":[],"updatedAt":"2025-10-03T04:38:38.080Z","user":"68da61ad1e3d4412b0decc97"}},"saveOptions":null,"savedState":{},"saving":null,"validating":null},"$isNew":false,"_doc":{"__v":0,"_id":"68df534e5ba3a045976c4035","content":"new post2","createdAt":"2025-10-03T04:38:38.080Z","mediaIds":[],"updatedAt":"2025-10-03T04:38:38.080Z","user":"68da61ad1e3d4412b0decc97"},"level":"info","message":"Post created successfully","service":"post-service","timestamp":"2025-10-03T04:38:38.131Z"}
{"level":"info","message":"Request: POST /api/posts/create-post","service":"post-service","timestamp":"2025-10-03T04:38:51.286Z"}
{"level":"info","message":"Request Headers: {\"content-type\":\"application/json\",\"authorization\":\"Bearer eyJhbGciOiJIUzI1NiIsInR5cCI6IkpXVCJ9.eyJ1c2VySWQiOiI2OGRhNjFhZDFlM2Q0NDEyYjBkZWNjOTciLCJ1c2VybmFtZSI6Imtld2FsNCIsImlhdCI6MTc1OTQ2NjI4NSwiZXhwIjoxNzU5NDY3MTg1fQ.EMHwj8KkZTprKX8VleN3wle9b1Ei6wcpWofNmtjhHk0\",\"user-agent\":\"PostmanRuntime/7.48.0\",\"accept\":\"*/*\",\"postman-token\":\"750c366f-45e9-401e-9007-ac8660fb3091\",\"accept-encoding\":\"gzip, deflate, br\",\"content-length\":\"23\",\"connection\":\"close\",\"x-user-id\":\"68da61ad1e3d4412b0decc97\",\"accept-charset\":\"utf-8\",\"host\":\"localhost:3002\"}","service":"post-service","timestamp":"2025-10-03T04:38:51.295Z"}
{"level":"info","message":"create post endpoint hit","service":"post-service","timestamp":"2025-10-03T04:38:51.300Z"}
{"$__":{"$versionError":null,"activePaths":{"paths":{"content":"require","user":"require"},"states":{"default":{},"modify":{},"require":{"content":true,"user":true}}},"backup":{"activePaths":{"default":{"_id":true,"createdAt":true},"modify":{"content":true,"mediaIds":true,"updatedAt":true,"user":true}},"validationError":null},"cachedRequired":{},"inserting":true,"op":null,"pathsToScopes":{"mediaIds":{"__v":0,"_id":"68df535b5ba3a045976c4037","content":"new post3","createdAt":"2025-10-03T04:38:51.302Z","mediaIds":[],"updatedAt":"2025-10-03T04:38:51.302Z","user":"68da61ad1e3d4412b0decc97"}},"saveOptions":null,"savedState":{},"saving":null,"validating":null},"$isNew":false,"_doc":{"__v":0,"_id":"68df535b5ba3a045976c4037","content":"new post3","createdAt":"2025-10-03T04:38:51.302Z","mediaIds":[],"updatedAt":"2025-10-03T04:38:51.302Z","user":"68da61ad1e3d4412b0decc97"},"level":"info","message":"Post created successfully","service":"post-service","timestamp":"2025-10-03T04:38:51.328Z"}
{"level":"info","message":"Request: POST /api/posts/create-post","service":"post-service","timestamp":"2025-10-03T04:39:00.238Z"}
{"level":"info","message":"Request Headers: {\"content-type\":\"application/json\",\"authorization\":\"Bearer eyJhbGciOiJIUzI1NiIsInR5cCI6IkpXVCJ9.eyJ1c2VySWQiOiI2OGRhNjFhZDFlM2Q0NDEyYjBkZWNjOTciLCJ1c2VybmFtZSI6Imtld2FsNCIsImlhdCI6MTc1OTQ2NjI4NSwiZXhwIjoxNzU5NDY3MTg1fQ.EMHwj8KkZTprKX8VleN3wle9b1Ei6wcpWofNmtjhHk0\",\"user-agent\":\"PostmanRuntime/7.48.0\",\"accept\":\"*/*\",\"postman-token\":\"a6f67d54-05c1-4cc1-b920-c381d34fdbeb\",\"accept-encoding\":\"gzip, deflate, br\",\"content-length\":\"23\",\"connection\":\"close\",\"x-user-id\":\"68da61ad1e3d4412b0decc97\",\"accept-charset\":\"utf-8\",\"host\":\"localhost:3002\"}","service":"post-service","timestamp":"2025-10-03T04:39:00.240Z"}
{"level":"info","message":"create post endpoint hit","service":"post-service","timestamp":"2025-10-03T04:39:00.246Z"}
{"$__":{"$versionError":null,"activePaths":{"paths":{"content":"require","user":"require"},"states":{"default":{},"modify":{},"require":{"content":true,"user":true}}},"backup":{"activePaths":{"default":{"_id":true,"createdAt":true},"modify":{"content":true,"mediaIds":true,"updatedAt":true,"user":true}},"validationError":null},"cachedRequired":{},"inserting":true,"op":null,"pathsToScopes":{"mediaIds":{"__v":0,"_id":"68df53645ba3a045976c4039","content":"new post4","createdAt":"2025-10-03T04:39:00.250Z","mediaIds":[],"updatedAt":"2025-10-03T04:39:00.250Z","user":"68da61ad1e3d4412b0decc97"}},"saveOptions":null,"savedState":{},"saving":null,"validating":null},"$isNew":false,"_doc":{"__v":0,"_id":"68df53645ba3a045976c4039","content":"new post4","createdAt":"2025-10-03T04:39:00.250Z","mediaIds":[],"updatedAt":"2025-10-03T04:39:00.250Z","user":"68da61ad1e3d4412b0decc97"},"level":"info","message":"Post created successfully","service":"post-service","timestamp":"2025-10-03T04:39:00.276Z"}
{"level":"info","message":"Request: POST /api/posts/create-post","service":"post-service","timestamp":"2025-10-03T04:39:06.383Z"}
{"level":"info","message":"Request Headers: {\"content-type\":\"application/json\",\"authorization\":\"Bearer eyJhbGciOiJIUzI1NiIsInR5cCI6IkpXVCJ9.eyJ1c2VySWQiOiI2OGRhNjFhZDFlM2Q0NDEyYjBkZWNjOTciLCJ1c2VybmFtZSI6Imtld2FsNCIsImlhdCI6MTc1OTQ2NjI4NSwiZXhwIjoxNzU5NDY3MTg1fQ.EMHwj8KkZTprKX8VleN3wle9b1Ei6wcpWofNmtjhHk0\",\"user-agent\":\"PostmanRuntime/7.48.0\",\"accept\":\"*/*\",\"postman-token\":\"cbe09d2a-1670-4d68-aabf-c94119ae1784\",\"accept-encoding\":\"gzip, deflate, br\",\"content-length\":\"23\",\"connection\":\"close\",\"x-user-id\":\"68da61ad1e3d4412b0decc97\",\"accept-charset\":\"utf-8\",\"host\":\"localhost:3002\"}","service":"post-service","timestamp":"2025-10-03T04:39:06.385Z"}
{"level":"info","message":"create post endpoint hit","service":"post-service","timestamp":"2025-10-03T04:39:06.393Z"}
{"$__":{"$versionError":null,"activePaths":{"paths":{"content":"require","user":"require"},"states":{"default":{},"modify":{},"require":{"content":true,"user":true}}},"backup":{"activePaths":{"default":{"_id":true,"createdAt":true},"modify":{"content":true,"mediaIds":true,"updatedAt":true,"user":true}},"validationError":null},"cachedRequired":{},"inserting":true,"op":null,"pathsToScopes":{"mediaIds":{"__v":0,"_id":"68df536a5ba3a045976c403b","content":"new post5","createdAt":"2025-10-03T04:39:06.395Z","mediaIds":[],"updatedAt":"2025-10-03T04:39:06.395Z","user":"68da61ad1e3d4412b0decc97"}},"saveOptions":null,"savedState":{},"saving":null,"validating":null},"$isNew":false,"_doc":{"__v":0,"_id":"68df536a5ba3a045976c403b","content":"new post5","createdAt":"2025-10-03T04:39:06.395Z","mediaIds":[],"updatedAt":"2025-10-03T04:39:06.395Z","user":"68da61ad1e3d4412b0decc97"},"level":"info","message":"Post created successfully","service":"post-service","timestamp":"2025-10-03T04:39:06.422Z"}
{"level":"info","message":"Request: POST /api/posts/create-post","service":"post-service","timestamp":"2025-10-03T04:39:13.824Z"}
{"level":"info","message":"Request Headers: {\"content-type\":\"application/json\",\"authorization\":\"Bearer eyJhbGciOiJIUzI1NiIsInR5cCI6IkpXVCJ9.eyJ1c2VySWQiOiI2OGRhNjFhZDFlM2Q0NDEyYjBkZWNjOTciLCJ1c2VybmFtZSI6Imtld2FsNCIsImlhdCI6MTc1OTQ2NjI4NSwiZXhwIjoxNzU5NDY3MTg1fQ.EMHwj8KkZTprKX8VleN3wle9b1Ei6wcpWofNmtjhHk0\",\"user-agent\":\"PostmanRuntime/7.48.0\",\"accept\":\"*/*\",\"postman-token\":\"44a0d099-6228-4b55-8630-b9137e1c77c3\",\"accept-encoding\":\"gzip, deflate, br\",\"content-length\":\"23\",\"connection\":\"close\",\"x-user-id\":\"68da61ad1e3d4412b0decc97\",\"accept-charset\":\"utf-8\",\"host\":\"localhost:3002\"}","service":"post-service","timestamp":"2025-10-03T04:39:13.828Z"}
{"level":"info","message":"create post endpoint hit","service":"post-service","timestamp":"2025-10-03T04:39:13.831Z"}
{"$__":{"$versionError":null,"activePaths":{"paths":{"content":"require","user":"require"},"states":{"default":{},"modify":{},"require":{"content":true,"user":true}}},"backup":{"activePaths":{"default":{"_id":true,"createdAt":true},"modify":{"content":true,"mediaIds":true,"updatedAt":true,"user":true}},"validationError":null},"cachedRequired":{},"inserting":true,"op":null,"pathsToScopes":{"mediaIds":{"__v":0,"_id":"68df53715ba3a045976c403d","content":"new post6","createdAt":"2025-10-03T04:39:13.837Z","mediaIds":[],"updatedAt":"2025-10-03T04:39:13.837Z","user":"68da61ad1e3d4412b0decc97"}},"saveOptions":null,"savedState":{},"saving":null,"validating":null},"$isNew":false,"_doc":{"__v":0,"_id":"68df53715ba3a045976c403d","content":"new post6","createdAt":"2025-10-03T04:39:13.837Z","mediaIds":[],"updatedAt":"2025-10-03T04:39:13.837Z","user":"68da61ad1e3d4412b0decc97"},"level":"info","message":"Post created successfully","service":"post-service","timestamp":"2025-10-03T04:39:13.859Z"}
{"level":"info","message":"Request: GET /api/posts/posts","service":"post-service","timestamp":"2025-10-03T04:39:27.568Z"}
{"level":"info","message":"Request Headers: {\"authorization\":\"Bearer eyJhbGciOiJIUzI1NiIsInR5cCI6IkpXVCJ9.eyJ1c2VySWQiOiI2OGRhNjFhZDFlM2Q0NDEyYjBkZWNjOTciLCJ1c2VybmFtZSI6Imtld2FsNCIsImlhdCI6MTc1OTQ2NjE2MCwiZXhwIjoxNzU5NDY3MDYwfQ.IbWwSz1Hjga137AjkBFNQZM_6bKmmZQri2olfGS8hD8\",\"user-agent\":\"PostmanRuntime/7.48.0\",\"accept\":\"*/*\",\"postman-token\":\"20a1e0aa-f984-4cc8-a77b-dca49ad67eb5\",\"accept-encoding\":\"gzip, deflate, br\",\"connection\":\"close\",\"content-type\":\"application/json\",\"x-user-id\":\"68da61ad1e3d4412b0decc97\",\"content-length\":\"0\",\"accept-charset\":\"utf-8\",\"host\":\"localhost:3002\"}","service":"post-service","timestamp":"2025-10-03T04:39:27.571Z"}
{"level":"info","message":"getAllPosts endpoint hit","service":"post-service","timestamp":"2025-10-03T04:39:27.574Z"}
{"currentPage":1,"level":"info","limit":10,"message":"Posts fetched successfully","posts":[{"__v":0,"_id":"68df53715ba3a045976c403d","content":"new post6","createdAt":"2025-10-03T04:39:13.837Z","mediaIds":[],"updatedAt":"2025-10-03T04:39:13.837Z","user":"68da61ad1e3d4412b0decc97"},{"__v":0,"_id":"68df536a5ba3a045976c403b","content":"new post5","createdAt":"2025-10-03T04:39:06.395Z","mediaIds":[],"updatedAt":"2025-10-03T04:39:06.395Z","user":"68da61ad1e3d4412b0decc97"},{"__v":0,"_id":"68df53645ba3a045976c4039","content":"new post4","createdAt":"2025-10-03T04:39:00.250Z","mediaIds":[],"updatedAt":"2025-10-03T04:39:00.250Z","user":"68da61ad1e3d4412b0decc97"},{"__v":0,"_id":"68df535b5ba3a045976c4037","content":"new post3","createdAt":"2025-10-03T04:38:51.302Z","mediaIds":[],"updatedAt":"2025-10-03T04:38:51.302Z","user":"68da61ad1e3d4412b0decc97"},{"__v":0,"_id":"68df534e5ba3a045976c4035","content":"new post2","createdAt":"2025-10-03T04:38:38.080Z","mediaIds":[],"updatedAt":"2025-10-03T04:38:38.080Z","user":"68da61ad1e3d4412b0decc97"},{"__v":0,"_id":"68dcd443c429977ac468b101","content":"new post","createdAt":"2025-10-01T07:12:03.341Z","mediaIds":[],"updatedAt":"2025-10-01T07:12:03.341Z","user":"68da61ad1e3d4412b0decc97"},{"__v":0,"_id":"68dcc659e08102d96043e418","content":"hello harshit","createdAt":"2025-10-01T06:12:41.350Z","mediaIds":[],"updatedAt":"2025-10-01T06:12:41.350Z","user":"68da61ad1e3d4412b0decc97"}],"service":"post-service","timestamp":"2025-10-03T04:39:27.623Z","totalPages":1,"totalPosts":7}
{"level":"info","message":"Request: GET /api/posts/posts","service":"post-service","timestamp":"2025-10-03T04:39:58.760Z"}
{"level":"info","message":"Request Headers: {\"authorization\":\"Bearer eyJhbGciOiJIUzI1NiIsInR5cCI6IkpXVCJ9.eyJ1c2VySWQiOiI2OGRhNjFhZDFlM2Q0NDEyYjBkZWNjOTciLCJ1c2VybmFtZSI6Imtld2FsNCIsImlhdCI6MTc1OTQ2NjE2MCwiZXhwIjoxNzU5NDY3MDYwfQ.IbWwSz1Hjga137AjkBFNQZM_6bKmmZQri2olfGS8hD8\",\"user-agent\":\"PostmanRuntime/7.48.0\",\"accept\":\"*/*\",\"postman-token\":\"5d3b01db-0f3d-43bb-9ea0-8f76e696f909\",\"accept-encoding\":\"gzip, deflate, br\",\"connection\":\"close\",\"content-type\":\"application/json\",\"x-user-id\":\"68da61ad1e3d4412b0decc97\",\"content-length\":\"0\",\"accept-charset\":\"utf-8\",\"host\":\"localhost:3002\"}","service":"post-service","timestamp":"2025-10-03T04:39:58.762Z"}
{"level":"info","message":"getAllPosts endpoint hit","service":"post-service","timestamp":"2025-10-03T04:39:58.764Z"}
{"level":"info","message":"Request: GET /api/posts/posts","service":"post-service","timestamp":"2025-10-03T04:41:32.960Z"}
{"level":"info","message":"Request Headers: {\"authorization\":\"Bearer eyJhbGciOiJIUzI1NiIsInR5cCI6IkpXVCJ9.eyJ1c2VySWQiOiI2OGRhNjFhZDFlM2Q0NDEyYjBkZWNjOTciLCJ1c2VybmFtZSI6Imtld2FsNCIsImlhdCI6MTc1OTQ2NjE2MCwiZXhwIjoxNzU5NDY3MDYwfQ.IbWwSz1Hjga137AjkBFNQZM_6bKmmZQri2olfGS8hD8\",\"user-agent\":\"PostmanRuntime/7.48.0\",\"accept\":\"*/*\",\"postman-token\":\"38fa8233-b1b8-4458-953d-7e0271487adc\",\"accept-encoding\":\"gzip, deflate, br\",\"connection\":\"close\",\"content-type\":\"application/json\",\"x-user-id\":\"68da61ad1e3d4412b0decc97\",\"content-length\":\"0\",\"accept-charset\":\"utf-8\",\"host\":\"localhost:3002\"}","service":"post-service","timestamp":"2025-10-03T04:41:32.961Z"}
{"level":"info","message":"getAllPosts endpoint hit","service":"post-service","timestamp":"2025-10-03T04:41:32.964Z"}
{"level":"info","message":"Request: POST /api/posts/create-post","service":"post-service","timestamp":"2025-10-03T04:41:45.843Z"}
{"level":"info","message":"Request Headers: {\"content-type\":\"application/json\",\"authorization\":\"Bearer eyJhbGciOiJIUzI1NiIsInR5cCI6IkpXVCJ9.eyJ1c2VySWQiOiI2OGRhNjFhZDFlM2Q0NDEyYjBkZWNjOTciLCJ1c2VybmFtZSI6Imtld2FsNCIsImlhdCI6MTc1OTQ2NjI4NSwiZXhwIjoxNzU5NDY3MTg1fQ.EMHwj8KkZTprKX8VleN3wle9b1Ei6wcpWofNmtjhHk0\",\"user-agent\":\"PostmanRuntime/7.48.0\",\"accept\":\"*/*\",\"postman-token\":\"3f0b5a20-2927-4e07-b08c-c9d7bf3f976d\",\"accept-encoding\":\"gzip, deflate, br\",\"content-length\":\"23\",\"connection\":\"close\",\"x-user-id\":\"68da61ad1e3d4412b0decc97\",\"accept-charset\":\"utf-8\",\"host\":\"localhost:3002\"}","service":"post-service","timestamp":"2025-10-03T04:41:45.905Z"}
{"level":"info","message":"create post endpoint hit","service":"post-service","timestamp":"2025-10-03T04:41:45.992Z"}
{"$__":{"$versionError":null,"activePaths":{"paths":{"content":"require","user":"require"},"states":{"default":{},"modify":{},"require":{"content":true,"user":true}}},"backup":{"activePaths":{"default":{"_id":true,"createdAt":true},"modify":{"content":true,"mediaIds":true,"updatedAt":true,"user":true}},"validationError":null},"cachedRequired":{},"inserting":true,"op":null,"pathsToScopes":{"mediaIds":{"__v":0,"_id":"68df540a5ba3a045976c4041","content":"new post7","createdAt":"2025-10-03T04:41:46.075Z","mediaIds":[],"updatedAt":"2025-10-03T04:41:46.075Z","user":"68da61ad1e3d4412b0decc97"}},"saveOptions":null,"savedState":{},"saving":null,"validating":null},"$isNew":false,"_doc":{"__v":0,"_id":"68df540a5ba3a045976c4041","content":"new post7","createdAt":"2025-10-03T04:41:46.075Z","mediaIds":[],"updatedAt":"2025-10-03T04:41:46.075Z","user":"68da61ad1e3d4412b0decc97"},"level":"info","message":"Post created successfully","service":"post-service","timestamp":"2025-10-03T04:41:46.123Z"}
{"level":"info","message":"Request: GET /api/posts/posts","service":"post-service","timestamp":"2025-10-03T04:41:55.368Z"}
{"level":"info","message":"Request Headers: {\"authorization\":\"Bearer eyJhbGciOiJIUzI1NiIsInR5cCI6IkpXVCJ9.eyJ1c2VySWQiOiI2OGRhNjFhZDFlM2Q0NDEyYjBkZWNjOTciLCJ1c2VybmFtZSI6Imtld2FsNCIsImlhdCI6MTc1OTQ2NjE2MCwiZXhwIjoxNzU5NDY3MDYwfQ.IbWwSz1Hjga137AjkBFNQZM_6bKmmZQri2olfGS8hD8\",\"user-agent\":\"PostmanRuntime/7.48.0\",\"accept\":\"*/*\",\"postman-token\":\"e45f7072-96a9-491a-8950-a6321d9531e2\",\"accept-encoding\":\"gzip, deflate, br\",\"connection\":\"close\",\"content-type\":\"application/json\",\"x-user-id\":\"68da61ad1e3d4412b0decc97\",\"content-length\":\"0\",\"accept-charset\":\"utf-8\",\"host\":\"localhost:3002\"}","service":"post-service","timestamp":"2025-10-03T04:41:55.378Z"}
{"level":"info","message":"getAllPosts endpoint hit","service":"post-service","timestamp":"2025-10-03T04:41:55.386Z"}
{"currentPage":1,"level":"info","limit":10,"message":"Posts fetched successfully","posts":[{"__v":0,"_id":"68df540a5ba3a045976c4041","content":"new post7","createdAt":"2025-10-03T04:41:46.075Z","mediaIds":[],"updatedAt":"2025-10-03T04:41:46.075Z","user":"68da61ad1e3d4412b0decc97"},{"__v":0,"_id":"68df53715ba3a045976c403d","content":"new post6","createdAt":"2025-10-03T04:39:13.837Z","mediaIds":[],"updatedAt":"2025-10-03T04:39:13.837Z","user":"68da61ad1e3d4412b0decc97"},{"__v":0,"_id":"68df536a5ba3a045976c403b","content":"new post5","createdAt":"2025-10-03T04:39:06.395Z","mediaIds":[],"updatedAt":"2025-10-03T04:39:06.395Z","user":"68da61ad1e3d4412b0decc97"},{"__v":0,"_id":"68df53645ba3a045976c4039","content":"new post4","createdAt":"2025-10-03T04:39:00.250Z","mediaIds":[],"updatedAt":"2025-10-03T04:39:00.250Z","user":"68da61ad1e3d4412b0decc97"},{"__v":0,"_id":"68df535b5ba3a045976c4037","content":"new post3","createdAt":"2025-10-03T04:38:51.302Z","mediaIds":[],"updatedAt":"2025-10-03T04:38:51.302Z","user":"68da61ad1e3d4412b0decc97"},{"__v":0,"_id":"68df534e5ba3a045976c4035","content":"new post2","createdAt":"2025-10-03T04:38:38.080Z","mediaIds":[],"updatedAt":"2025-10-03T04:38:38.080Z","user":"68da61ad1e3d4412b0decc97"},{"__v":0,"_id":"68dcd443c429977ac468b101","content":"new post","createdAt":"2025-10-01T07:12:03.341Z","mediaIds":[],"updatedAt":"2025-10-01T07:12:03.341Z","user":"68da61ad1e3d4412b0decc97"},{"__v":0,"_id":"68dcc659e08102d96043e418","content":"hello harshit","createdAt":"2025-10-01T06:12:41.350Z","mediaIds":[],"updatedAt":"2025-10-01T06:12:41.350Z","user":"68da61ad1e3d4412b0decc97"}],"service":"post-service","timestamp":"2025-10-03T04:41:55.443Z","totalPages":1,"totalPosts":8}
{"level":"info","message":"Request: GET /api/posts/posts","service":"post-service","timestamp":"2025-10-03T04:41:58.071Z"}
{"level":"info","message":"Request Headers: {\"authorization\":\"Bearer eyJhbGciOiJIUzI1NiIsInR5cCI6IkpXVCJ9.eyJ1c2VySWQiOiI2OGRhNjFhZDFlM2Q0NDEyYjBkZWNjOTciLCJ1c2VybmFtZSI6Imtld2FsNCIsImlhdCI6MTc1OTQ2NjE2MCwiZXhwIjoxNzU5NDY3MDYwfQ.IbWwSz1Hjga137AjkBFNQZM_6bKmmZQri2olfGS8hD8\",\"user-agent\":\"PostmanRuntime/7.48.0\",\"accept\":\"*/*\",\"postman-token\":\"ea4a608b-265f-4766-b739-efedaecd512f\",\"accept-encoding\":\"gzip, deflate, br\",\"connection\":\"close\",\"content-type\":\"application/json\",\"x-user-id\":\"68da61ad1e3d4412b0decc97\",\"content-length\":\"0\",\"accept-charset\":\"utf-8\",\"host\":\"localhost:3002\"}","service":"post-service","timestamp":"2025-10-03T04:41:58.072Z"}
{"level":"info","message":"getAllPosts endpoint hit","service":"post-service","timestamp":"2025-10-03T04:41:58.075Z"}
{"level":"info","message":"Post-Service is running on port 3002","service":"post-service","timestamp":"2025-10-03T05:53:59.551Z"}
{"level":"info","message":"Connected to MongoDB","service":"post-service","timestamp":"2025-10-03T05:54:00.234Z"}
{"level":"info","message":"Post-Service is running on port 3002","service":"post-service","timestamp":"2025-10-03T05:54:26.478Z"}
{"level":"info","message":"Connected to MongoDB","service":"post-service","timestamp":"2025-10-03T05:54:27.155Z"}
{"level":"info","message":"Post-Service is running on port 3002","service":"post-service","timestamp":"2025-10-03T05:54:35.551Z"}
{"level":"info","message":"Connected to MongoDB","service":"post-service","timestamp":"2025-10-03T05:54:36.075Z"}
{"level":"info","message":"Post-Service is running on port 3002","service":"post-service","timestamp":"2025-10-03T05:55:17.305Z"}
{"level":"info","message":"Connected to MongoDB","service":"post-service","timestamp":"2025-10-03T05:55:18.153Z"}
{"level":"info","message":"Post-Service is running on port 3002","service":"post-service","timestamp":"2025-10-03T05:55:31.910Z"}
{"level":"info","message":"Connected to MongoDB","service":"post-service","timestamp":"2025-10-03T05:55:32.608Z"}
{"level":"info","message":"Post-Service is running on port 3002","service":"post-service","timestamp":"2025-10-03T05:56:07.508Z"}
{"level":"info","message":"Connected to MongoDB","service":"post-service","timestamp":"2025-10-03T05:56:08.009Z"}
{"level":"info","message":"Post-Service is running on port 3002","service":"post-service","timestamp":"2025-10-03T05:56:19.700Z"}
{"level":"info","message":"Connected to MongoDB","service":"post-service","timestamp":"2025-10-03T05:56:20.702Z"}
{"level":"info","message":"Post-Service is running on port 3002","service":"post-service","timestamp":"2025-10-03T05:56:28.358Z"}
{"level":"info","message":"Connected to MongoDB","service":"post-service","timestamp":"2025-10-03T05:56:28.948Z"}
{"level":"info","message":"Post-Service is running on port 3002","service":"post-service","timestamp":"2025-10-03T05:57:04.200Z"}
{"level":"info","message":"Connected to MongoDB","service":"post-service","timestamp":"2025-10-03T05:57:04.697Z"}
{"level":"info","message":"Post-Service is running on port 3002","service":"post-service","timestamp":"2025-10-03T05:57:17.171Z"}
{"level":"info","message":"Connected to MongoDB","service":"post-service","timestamp":"2025-10-03T05:57:17.585Z"}
{"level":"info","message":"Post-Service is running on port 3002","service":"post-service","timestamp":"2025-10-03T05:57:35.263Z"}
{"level":"info","message":"Connected to MongoDB","service":"post-service","timestamp":"2025-10-03T05:57:35.722Z"}
{"level":"info","message":"Post-Service is running on port 3002","service":"post-service","timestamp":"2025-10-03T05:57:57.749Z"}
{"level":"info","message":"Post-Service is running on port 3002","service":"post-service","timestamp":"2025-10-03T05:58:00.872Z"}
{"level":"info","message":"Connected to MongoDB","service":"post-service","timestamp":"2025-10-03T05:58:01.349Z"}
{"level":"info","message":"Post-Service is running on port 3002","service":"post-service","timestamp":"2025-10-03T05:58:17.226Z"}
{"level":"info","message":"Connected to MongoDB","service":"post-service","timestamp":"2025-10-03T05:58:17.675Z"}
{"level":"info","message":"Post-Service is running on port 3002","service":"post-service","timestamp":"2025-10-03T05:58:32.739Z"}
{"level":"info","message":"Connected to MongoDB","service":"post-service","timestamp":"2025-10-03T05:58:33.261Z"}
{"level":"info","message":"Post-Service is running on port 3002","service":"post-service","timestamp":"2025-10-03T06:50:37.001Z"}
{"level":"info","message":"Connected to MongoDB","service":"post-service","timestamp":"2025-10-03T06:50:37.599Z"}
{"level":"info","message":"Post-Service is running on port 3002","service":"post-service","timestamp":"2025-10-03T06:50:41.876Z"}
{"level":"info","message":"Connected to MongoDB","service":"post-service","timestamp":"2025-10-03T06:50:42.417Z"}
{"level":"info","message":"Post-Service is running on port 3002","service":"post-service","timestamp":"2025-10-03T06:50:46.260Z"}
{"level":"info","message":"Connected to MongoDB","service":"post-service","timestamp":"2025-10-03T06:50:46.953Z"}
{"level":"info","message":"Request: GET /api/posts/posts","service":"post-service","timestamp":"2025-10-03T06:52:46.696Z"}
{"level":"info","message":"Request Headers: {\"authorization\":\"Bearer eyJhbGciOiJIUzI1NiIsInR5cCI6IkpXVCJ9.eyJ1c2VySWQiOiI2OGRhNjFhZDFlM2Q0NDEyYjBkZWNjOTciLCJ1c2VybmFtZSI6Imtld2FsNCIsImlhdCI6MTc1OTQ3NDMwNiwiZXhwIjoxNzU5NDc1MjA2fQ.vLgkD2Rwnst71tZ-aL6lOLkCoEOuOH2VQVOSUqjq1AU\",\"user-agent\":\"PostmanRuntime/7.48.0\",\"accept\":\"*/*\",\"postman-token\":\"aa2448b5-6ff2-4c61-958d-3210c920dc94\",\"accept-encoding\":\"gzip, deflate, br\",\"connection\":\"close\",\"content-type\":\"application/json\",\"x-user-id\":\"68da61ad1e3d4412b0decc97\",\"content-length\":\"0\",\"accept-charset\":\"utf-8\",\"host\":\"localhost:3002\"}","service":"post-service","timestamp":"2025-10-03T06:52:46.698Z"}
{"level":"info","message":"getAllPosts endpoint hit","service":"post-service","timestamp":"2025-10-03T06:52:46.701Z"}
{"currentPage":1,"level":"info","limit":10,"message":"Posts fetched successfully","posts":[{"__v":0,"_id":"68df540a5ba3a045976c4041","content":"new post7","createdAt":"2025-10-03T04:41:46.075Z","mediaIds":[],"updatedAt":"2025-10-03T04:41:46.075Z","user":"68da61ad1e3d4412b0decc97"},{"__v":0,"_id":"68df53715ba3a045976c403d","content":"new post6","createdAt":"2025-10-03T04:39:13.837Z","mediaIds":[],"updatedAt":"2025-10-03T04:39:13.837Z","user":"68da61ad1e3d4412b0decc97"},{"__v":0,"_id":"68df536a5ba3a045976c403b","content":"new post5","createdAt":"2025-10-03T04:39:06.395Z","mediaIds":[],"updatedAt":"2025-10-03T04:39:06.395Z","user":"68da61ad1e3d4412b0decc97"},{"__v":0,"_id":"68df53645ba3a045976c4039","content":"new post4","createdAt":"2025-10-03T04:39:00.250Z","mediaIds":[],"updatedAt":"2025-10-03T04:39:00.250Z","user":"68da61ad1e3d4412b0decc97"},{"__v":0,"_id":"68df535b5ba3a045976c4037","content":"new post3","createdAt":"2025-10-03T04:38:51.302Z","mediaIds":[],"updatedAt":"2025-10-03T04:38:51.302Z","user":"68da61ad1e3d4412b0decc97"},{"__v":0,"_id":"68df534e5ba3a045976c4035","content":"new post2","createdAt":"2025-10-03T04:38:38.080Z","mediaIds":[],"updatedAt":"2025-10-03T04:38:38.080Z","user":"68da61ad1e3d4412b0decc97"},{"__v":0,"_id":"68dcd443c429977ac468b101","content":"new post","createdAt":"2025-10-01T07:12:03.341Z","mediaIds":[],"updatedAt":"2025-10-01T07:12:03.341Z","user":"68da61ad1e3d4412b0decc97"},{"__v":0,"_id":"68dcc659e08102d96043e418","content":"hello harshit","createdAt":"2025-10-01T06:12:41.350Z","mediaIds":[],"updatedAt":"2025-10-01T06:12:41.350Z","user":"68da61ad1e3d4412b0decc97"}],"service":"post-service","timestamp":"2025-10-03T06:52:46.784Z","totalPages":1,"totalPosts":8}
{"level":"info","message":"Request: GET /api/posts/68df540a5ba3a045976c4041","service":"post-service","timestamp":"2025-10-03T06:53:33.767Z"}
{"level":"info","message":"Request Headers: {\"authorization\":\"Bearer eyJhbGciOiJIUzI1NiIsInR5cCI6IkpXVCJ9.eyJ1c2VySWQiOiI2OGRhNjFhZDFlM2Q0NDEyYjBkZWNjOTciLCJ1c2VybmFtZSI6Imtld2FsNCIsImlhdCI6MTc1OTQ3NDMwNiwiZXhwIjoxNzU5NDc1MjA2fQ.vLgkD2Rwnst71tZ-aL6lOLkCoEOuOH2VQVOSUqjq1AU\",\"user-agent\":\"PostmanRuntime/7.48.0\",\"accept\":\"*/*\",\"postman-token\":\"f69f073d-6d56-4296-9937-7b1771b491a0\",\"accept-encoding\":\"gzip, deflate, br\",\"connection\":\"close\",\"content-type\":\"application/json\",\"x-user-id\":\"68da61ad1e3d4412b0decc97\",\"content-length\":\"0\",\"accept-charset\":\"utf-8\",\"host\":\"localhost:3002\"}","service":"post-service","timestamp":"2025-10-03T06:53:33.801Z"}
{"$__":{"activePaths":{"paths":{"__v":"init","_id":"init","content":"init","createdAt":"init","mediaIds":"init","updatedAt":"init","user":"init"},"states":{"default":{},"init":{"__v":true,"_id":true,"content":true,"createdAt":true,"mediaIds":true,"updatedAt":true,"user":true},"require":{}}},"skipId":true},"$isNew":false,"_doc":{"__v":0,"_id":"68df540a5ba3a045976c4041","content":"new post7","createdAt":"2025-10-03T04:41:46.075Z","mediaIds":[],"updatedAt":"2025-10-03T04:41:46.075Z","user":"68da61ad1e3d4412b0decc97"},"level":"info","message":"Post fetched successfully","service":"post-service","timestamp":"2025-10-03T06:53:33.882Z"}
{"level":"info","message":"Request: GET /api/posts/68df540a5ba3a045976c4041","service":"post-service","timestamp":"2025-10-03T06:55:03.404Z"}
{"level":"info","message":"Request Headers: {\"authorization\":\"Bearer eyJhbGciOiJIUzI1NiIsInR5cCI6IkpXVCJ9.eyJ1c2VySWQiOiI2OGRhNjFhZDFlM2Q0NDEyYjBkZWNjOTciLCJ1c2VybmFtZSI6Imtld2FsNCIsImlhdCI6MTc1OTQ3NDMwNiwiZXhwIjoxNzU5NDc1MjA2fQ.vLgkD2Rwnst71tZ-aL6lOLkCoEOuOH2VQVOSUqjq1AU\",\"user-agent\":\"PostmanRuntime/7.48.0\",\"accept\":\"*/*\",\"postman-token\":\"b62e5a6f-84a2-4301-945e-c2bc358507b8\",\"accept-encoding\":\"gzip, deflate, br\",\"connection\":\"close\",\"content-type\":\"application/json\",\"x-user-id\":\"68da61ad1e3d4412b0decc97\",\"content-length\":\"0\",\"accept-charset\":\"utf-8\",\"host\":\"localhost:3002\"}","service":"post-service","timestamp":"2025-10-03T06:55:03.405Z"}
{"level":"info","message":"Post-Service is running on port 3002","service":"post-service","timestamp":"2025-10-03T07:02:25.430Z"}
{"level":"info","message":"Connected to MongoDB","service":"post-service","timestamp":"2025-10-03T07:02:29.474Z"}
{"level":"info","message":"Post-Service is running on port 3002","service":"post-service","timestamp":"2025-10-03T07:02:44.990Z"}
{"level":"info","message":"Connected to MongoDB","service":"post-service","timestamp":"2025-10-03T07:02:45.612Z"}
{"level":"info","message":"Post-Service is running on port 3002","service":"post-service","timestamp":"2025-10-03T07:02:50.666Z"}
{"level":"info","message":"Connected to MongoDB","service":"post-service","timestamp":"2025-10-03T07:02:51.276Z"}
{"level":"info","message":"Post-Service is running on port 3002","service":"post-service","timestamp":"2025-10-03T07:03:19.631Z"}
{"level":"info","message":"Connected to MongoDB","service":"post-service","timestamp":"2025-10-03T07:03:20.174Z"}
{"level":"info","message":"Post-Service is running on port 3002","service":"post-service","timestamp":"2025-10-03T07:03:30.938Z"}
{"level":"info","message":"Connected to MongoDB","service":"post-service","timestamp":"2025-10-03T07:03:31.493Z"}
{"level":"info","message":"Post-Service is running on port 3002","service":"post-service","timestamp":"2025-10-03T07:03:37.711Z"}
{"level":"info","message":"Connected to MongoDB","service":"post-service","timestamp":"2025-10-03T07:03:39.421Z"}
{"level":"info","message":"Post-Service is running on port 3002","service":"post-service","timestamp":"2025-10-03T07:03:45.182Z"}
{"level":"info","message":"Connected to MongoDB","service":"post-service","timestamp":"2025-10-03T07:03:45.654Z"}
{"level":"info","message":"Post-Service is running on port 3002","service":"post-service","timestamp":"2025-10-03T07:04:01.338Z"}
{"level":"info","message":"Connected to MongoDB","service":"post-service","timestamp":"2025-10-03T07:04:01.895Z"}
{"level":"info","message":"Post-Service is running on port 3002","service":"post-service","timestamp":"2025-10-03T07:05:00.200Z"}
{"level":"info","message":"Connected to MongoDB","service":"post-service","timestamp":"2025-10-03T07:05:00.940Z"}
{"level":"info","message":"Post-Service is running on port 3002","service":"post-service","timestamp":"2025-10-03T07:05:05.136Z"}
{"level":"info","message":"Connected to MongoDB","service":"post-service","timestamp":"2025-10-03T07:05:05.715Z"}
{"level":"info","message":"Post-Service is running on port 3002","service":"post-service","timestamp":"2025-10-03T07:06:05.747Z"}
{"level":"info","message":"Connected to MongoDB","service":"post-service","timestamp":"2025-10-03T07:06:06.332Z"}
{"level":"info","message":"Post-Service is running on port 3002","service":"post-service","timestamp":"2025-10-03T07:06:36.430Z"}
{"level":"info","message":"Connected to MongoDB","service":"post-service","timestamp":"2025-10-03T07:06:37.333Z"}
{"level":"info","message":"Post-Service is running on port 3002","service":"post-service","timestamp":"2025-10-03T07:06:46.453Z"}
{"level":"info","message":"Connected to MongoDB","service":"post-service","timestamp":"2025-10-03T07:06:46.904Z"}
{"level":"info","message":"Post-Service is running on port 3002","service":"post-service","timestamp":"2025-10-03T07:07:09.669Z"}
{"level":"info","message":"Connected to MongoDB","service":"post-service","timestamp":"2025-10-03T07:07:13.789Z"}
{"level":"info","message":"Post-Service is running on port 3002","service":"post-service","timestamp":"2025-10-03T07:07:21.489Z"}
{"level":"info","message":"Connected to MongoDB","service":"post-service","timestamp":"2025-10-03T07:07:22.004Z"}
{"level":"info","message":"Post-Service is running on port 3002","service":"post-service","timestamp":"2025-10-03T07:07:34.543Z"}
{"level":"info","message":"Connected to MongoDB","service":"post-service","timestamp":"2025-10-03T07:07:35.251Z"}
{"level":"info","message":"Post-Service is running on port 3002","service":"post-service","timestamp":"2025-10-03T07:07:40.213Z"}
{"level":"info","message":"Connected to MongoDB","service":"post-service","timestamp":"2025-10-03T07:07:41.812Z"}
{"level":"info","message":"Post-Service is running on port 3002","service":"post-service","timestamp":"2025-10-03T07:08:10.607Z"}
{"level":"info","message":"Connected to MongoDB","service":"post-service","timestamp":"2025-10-03T07:08:11.373Z"}
{"level":"info","message":"Request: DELETE /api/posts/68df540a5ba3a045976c4041","service":"post-service","timestamp":"2025-10-03T07:09:47.514Z"}
{"level":"info","message":"Request Headers: {\"authorization\":\"Bearer eyJhbGciOiJIUzI1NiIsInR5cCI6IkpXVCJ9.eyJ1c2VySWQiOiI2OGRhNjFhZDFlM2Q0NDEyYjBkZWNjOTciLCJ1c2VybmFtZSI6Imtld2FsNCIsImlhdCI6MTc1OTQ3NTM2OSwiZXhwIjoxNzU5NDc2MjY5fQ.ClwN-7EAenGkVD0VPRhnsp4VyoUjNWuCZ0IHAP6Epew\",\"user-agent\":\"PostmanRuntime/7.48.0\",\"accept\":\"*/*\",\"postman-token\":\"a924dc5a-b5ad-49f4-b87c-cdaa9544a39f\",\"accept-encoding\":\"gzip, deflate, br\",\"connection\":\"close\",\"content-type\":\"application/json\",\"x-user-id\":\"68da61ad1e3d4412b0decc97\",\"content-length\":\"0\",\"accept-charset\":\"utf-8\",\"host\":\"localhost:3002\"}","service":"post-service","timestamp":"2025-10-03T07:09:47.516Z"}
{"$__":{"activePaths":{"paths":{"__v":"init","_id":"init","content":"init","createdAt":"init","mediaIds":"init","updatedAt":"init","user":"init"},"states":{"default":{},"init":{"__v":true,"_id":true,"content":true,"createdAt":true,"mediaIds":true,"updatedAt":true,"user":true},"require":{}}},"skipId":true},"$isNew":false,"_doc":{"__v":0,"_id":"68df540a5ba3a045976c4041","content":"new post7","createdAt":"2025-10-03T04:41:46.075Z","mediaIds":[],"updatedAt":"2025-10-03T04:41:46.075Z","user":"68da61ad1e3d4412b0decc97"},"level":"info","message":"Post deleted successfully","service":"post-service","timestamp":"2025-10-03T07:09:47.581Z"}
{"level":"info","message":"Request: GET /api/posts/68df540a5ba3a045976c4041","service":"post-service","timestamp":"2025-10-03T07:10:55.120Z"}
{"level":"info","message":"Request Headers: {\"authorization\":\"Bearer eyJhbGciOiJIUzI1NiIsInR5cCI6IkpXVCJ9.eyJ1c2VySWQiOiI2OGRhNjFhZDFlM2Q0NDEyYjBkZWNjOTciLCJ1c2VybmFtZSI6Imtld2FsNCIsImlhdCI6MTc1OTQ3NTM2OSwiZXhwIjoxNzU5NDc2MjY5fQ.ClwN-7EAenGkVD0VPRhnsp4VyoUjNWuCZ0IHAP6Epew\",\"user-agent\":\"PostmanRuntime/7.48.0\",\"accept\":\"*/*\",\"postman-token\":\"63f07ce3-e12f-413b-950a-dc1505f18131\",\"accept-encoding\":\"gzip, deflate, br\",\"connection\":\"close\",\"content-type\":\"application/json\",\"x-user-id\":\"68da61ad1e3d4412b0decc97\",\"content-length\":\"0\",\"accept-charset\":\"utf-8\",\"host\":\"localhost:3002\"}","service":"post-service","timestamp":"2025-10-03T07:10:55.121Z"}
{"level":"info","message":"Request: GET /api/posts/posts","service":"post-service","timestamp":"2025-10-03T07:12:14.100Z"}
{"level":"info","message":"Request Headers: {\"authorization\":\"Bearer eyJhbGciOiJIUzI1NiIsInR5cCI6IkpXVCJ9.eyJ1c2VySWQiOiI2OGRhNjFhZDFlM2Q0NDEyYjBkZWNjOTciLCJ1c2VybmFtZSI6Imtld2FsNCIsImlhdCI6MTc1OTQ3NTM2OSwiZXhwIjoxNzU5NDc2MjY5fQ.ClwN-7EAenGkVD0VPRhnsp4VyoUjNWuCZ0IHAP6Epew\",\"user-agent\":\"PostmanRuntime/7.48.0\",\"accept\":\"*/*\",\"postman-token\":\"229848a9-3806-4c2b-afe4-ee80edefffca\",\"accept-encoding\":\"gzip, deflate, br\",\"connection\":\"close\",\"content-type\":\"application/json\",\"x-user-id\":\"68da61ad1e3d4412b0decc97\",\"content-length\":\"0\",\"accept-charset\":\"utf-8\",\"host\":\"localhost:3002\"}","service":"post-service","timestamp":"2025-10-03T07:12:14.103Z"}
{"level":"info","message":"getAllPosts endpoint hit","service":"post-service","timestamp":"2025-10-03T07:12:14.107Z"}
{"currentPage":1,"level":"info","limit":10,"message":"Posts fetched successfully","posts":[{"__v":0,"_id":"68df53715ba3a045976c403d","content":"new post6","createdAt":"2025-10-03T04:39:13.837Z","mediaIds":[],"updatedAt":"2025-10-03T04:39:13.837Z","user":"68da61ad1e3d4412b0decc97"},{"__v":0,"_id":"68df536a5ba3a045976c403b","content":"new post5","createdAt":"2025-10-03T04:39:06.395Z","mediaIds":[],"updatedAt":"2025-10-03T04:39:06.395Z","user":"68da61ad1e3d4412b0decc97"},{"__v":0,"_id":"68df53645ba3a045976c4039","content":"new post4","createdAt":"2025-10-03T04:39:00.250Z","mediaIds":[],"updatedAt":"2025-10-03T04:39:00.250Z","user":"68da61ad1e3d4412b0decc97"},{"__v":0,"_id":"68df535b5ba3a045976c4037","content":"new post3","createdAt":"2025-10-03T04:38:51.302Z","mediaIds":[],"updatedAt":"2025-10-03T04:38:51.302Z","user":"68da61ad1e3d4412b0decc97"},{"__v":0,"_id":"68df534e5ba3a045976c4035","content":"new post2","createdAt":"2025-10-03T04:38:38.080Z","mediaIds":[],"updatedAt":"2025-10-03T04:38:38.080Z","user":"68da61ad1e3d4412b0decc97"},{"__v":0,"_id":"68dcd443c429977ac468b101","content":"new post","createdAt":"2025-10-01T07:12:03.341Z","mediaIds":[],"updatedAt":"2025-10-01T07:12:03.341Z","user":"68da61ad1e3d4412b0decc97"},{"__v":0,"_id":"68dcc659e08102d96043e418","content":"hello harshit","createdAt":"2025-10-01T06:12:41.350Z","mediaIds":[],"updatedAt":"2025-10-01T06:12:41.350Z","user":"68da61ad1e3d4412b0decc97"}],"service":"post-service","timestamp":"2025-10-03T07:12:14.164Z","totalPages":1,"totalPosts":7}
{"level":"info","message":"Request: POST /api/posts/create-post","service":"post-service","timestamp":"2025-10-03T07:14:34.898Z"}
{"level":"info","message":"Request Headers: {\"content-type\":\"application/json\",\"authorization\":\"Bearer eyJhbGciOiJIUzI1NiIsInR5cCI6IkpXVCJ9.eyJ1c2VySWQiOiI2OGRhNjFhZDFlM2Q0NDEyYjBkZWNjOTciLCJ1c2VybmFtZSI6Imtld2FsNCIsImlhdCI6MTc1OTQ3NTM2OSwiZXhwIjoxNzU5NDc2MjY5fQ.ClwN-7EAenGkVD0VPRhnsp4VyoUjNWuCZ0IHAP6Epew\",\"user-agent\":\"PostmanRuntime/7.48.0\",\"accept\":\"*/*\",\"postman-token\":\"6a4a6efd-d52d-41b4-9c91-acb1b2704cde\",\"accept-encoding\":\"gzip, deflate, br\",\"content-length\":\"23\",\"connection\":\"close\",\"x-user-id\":\"68da61ad1e3d4412b0decc97\",\"accept-charset\":\"utf-8\",\"host\":\"localhost:3002\"}","service":"post-service","timestamp":"2025-10-03T07:14:34.898Z"}
{"level":"info","message":"create post endpoint hit","service":"post-service","timestamp":"2025-10-03T07:14:34.901Z"}
{"$__":{"$versionError":null,"activePaths":{"paths":{"content":"require","user":"require"},"states":{"default":{},"modify":{},"require":{"content":true,"user":true}}},"backup":{"activePaths":{"default":{"_id":true,"createdAt":true},"modify":{"content":true,"mediaIds":true,"updatedAt":true,"user":true}},"validationError":null},"cachedRequired":{},"inserting":true,"op":null,"pathsToScopes":{"mediaIds":{"__v":0,"_id":"68df77da9ddddc0c59374ac2","content":"new post8","createdAt":"2025-10-03T07:14:34.922Z","mediaIds":[],"updatedAt":"2025-10-03T07:14:34.922Z","user":"68da61ad1e3d4412b0decc97"}},"saveOptions":null,"savedState":{},"saving":null,"validating":null},"$isNew":false,"_doc":{"__v":0,"_id":"68df77da9ddddc0c59374ac2","content":"new post8","createdAt":"2025-10-03T07:14:34.922Z","mediaIds":[],"updatedAt":"2025-10-03T07:14:34.922Z","user":"68da61ad1e3d4412b0decc97"},"level":"info","message":"Post created successfully","service":"post-service","timestamp":"2025-10-03T07:14:34.997Z"}
{"level":"info","message":"Request: GET /api/posts/posts","service":"post-service","timestamp":"2025-10-03T07:14:50.326Z"}
{"level":"info","message":"Request Headers: {\"authorization\":\"Bearer eyJhbGciOiJIUzI1NiIsInR5cCI6IkpXVCJ9.eyJ1c2VySWQiOiI2OGRhNjFhZDFlM2Q0NDEyYjBkZWNjOTciLCJ1c2VybmFtZSI6Imtld2FsNCIsImlhdCI6MTc1OTQ3NTM2OSwiZXhwIjoxNzU5NDc2MjY5fQ.ClwN-7EAenGkVD0VPRhnsp4VyoUjNWuCZ0IHAP6Epew\",\"user-agent\":\"PostmanRuntime/7.48.0\",\"accept\":\"*/*\",\"postman-token\":\"8a42bf54-6d8b-47fc-b296-f0b4359f4ca5\",\"accept-encoding\":\"gzip, deflate, br\",\"connection\":\"close\",\"content-type\":\"application/json\",\"x-user-id\":\"68da61ad1e3d4412b0decc97\",\"content-length\":\"0\",\"accept-charset\":\"utf-8\",\"host\":\"localhost:3002\"}","service":"post-service","timestamp":"2025-10-03T07:14:50.327Z"}
{"level":"info","message":"getAllPosts endpoint hit","service":"post-service","timestamp":"2025-10-03T07:14:50.330Z"}
{"currentPage":1,"level":"info","limit":10,"message":"Posts fetched successfully","posts":[{"__v":0,"_id":"68df77da9ddddc0c59374ac2","content":"new post8","createdAt":"2025-10-03T07:14:34.922Z","mediaIds":[],"updatedAt":"2025-10-03T07:14:34.922Z","user":"68da61ad1e3d4412b0decc97"},{"__v":0,"_id":"68df53715ba3a045976c403d","content":"new post6","createdAt":"2025-10-03T04:39:13.837Z","mediaIds":[],"updatedAt":"2025-10-03T04:39:13.837Z","user":"68da61ad1e3d4412b0decc97"},{"__v":0,"_id":"68df536a5ba3a045976c403b","content":"new post5","createdAt":"2025-10-03T04:39:06.395Z","mediaIds":[],"updatedAt":"2025-10-03T04:39:06.395Z","user":"68da61ad1e3d4412b0decc97"},{"__v":0,"_id":"68df53645ba3a045976c4039","content":"new post4","createdAt":"2025-10-03T04:39:00.250Z","mediaIds":[],"updatedAt":"2025-10-03T04:39:00.250Z","user":"68da61ad1e3d4412b0decc97"},{"__v":0,"_id":"68df535b5ba3a045976c4037","content":"new post3","createdAt":"2025-10-03T04:38:51.302Z","mediaIds":[],"updatedAt":"2025-10-03T04:38:51.302Z","user":"68da61ad1e3d4412b0decc97"},{"__v":0,"_id":"68df534e5ba3a045976c4035","content":"new post2","createdAt":"2025-10-03T04:38:38.080Z","mediaIds":[],"updatedAt":"2025-10-03T04:38:38.080Z","user":"68da61ad1e3d4412b0decc97"},{"__v":0,"_id":"68dcd443c429977ac468b101","content":"new post","createdAt":"2025-10-01T07:12:03.341Z","mediaIds":[],"updatedAt":"2025-10-01T07:12:03.341Z","user":"68da61ad1e3d4412b0decc97"},{"__v":0,"_id":"68dcc659e08102d96043e418","content":"hello harshit","createdAt":"2025-10-01T06:12:41.350Z","mediaIds":[],"updatedAt":"2025-10-01T06:12:41.350Z","user":"68da61ad1e3d4412b0decc97"}],"service":"post-service","timestamp":"2025-10-03T07:14:50.402Z","totalPages":1,"totalPosts":8}
{"level":"info","message":"Post-Service is running on port 3002","service":"post-service","timestamp":"2025-10-13T13:40:00.586Z"}
{"level":"info","message":"Connected to MongoDB","service":"post-service","timestamp":"2025-10-13T13:40:01.331Z"}
{"level":"info","message":"Request: POST /api/posts/create-post","service":"post-service","timestamp":"2025-10-13T13:40:30.443Z"}
{"level":"info","message":"Request Headers: {\"content-type\":\"application/json\",\"authorization\":\"Bearer eyJhbGciOiJIUzI1NiIsInR5cCI6IkpXVCJ9.eyJ1c2VySWQiOiI2OGRhNjFhZDFlM2Q0NDEyYjBkZWNjOTciLCJ1c2VybmFtZSI6Imtld2FsNCIsImlhdCI6MTc2MDM2MjE5MSwiZXhwIjoxNzYwMzYzMDkxfQ.EZ2bqOV9NL5u_Kgk_O8UElDEiYvq7-LpVMgZhiqL3qs\",\"user-agent\":\"PostmanRuntime/7.48.0\",\"accept\":\"*/*\",\"postman-token\":\"018ba55d-7723-4e51-9ba7-c67df6346d0a\",\"accept-encoding\":\"gzip, deflate, br\",\"content-length\":\"63\",\"connection\":\"close\",\"x-user-id\":\"68da61ad1e3d4412b0decc97\",\"accept-charset\":\"utf-8\",\"host\":\"localhost:3002\"}","service":"post-service","timestamp":"2025-10-13T13:40:30.445Z"}
{"level":"info","message":"create post endpoint hit","service":"post-service","timestamp":"2025-10-13T13:40:30.452Z"}
{"$__":{"$versionError":null,"activePaths":{"paths":{"content":"require","user":"require"},"states":{"default":{},"modify":{},"require":{"content":true,"user":true}}},"backup":{"activePaths":{"default":{"_id":true,"createdAt":true},"modify":{"content":true,"mediaIds":true,"updatedAt":true,"user":true}},"validationError":null},"cachedRequired":{},"inserting":true,"op":null,"pathsToScopes":{"mediaIds":{"__v":0,"_id":"68ed014e074a5008fad02059","content":"new post9","createdAt":"2025-10-13T13:40:30.558Z","mediaIds":["68ece7f2c86a100fe72e5434"],"updatedAt":"2025-10-13T13:40:30.558Z","user":"68da61ad1e3d4412b0decc97"}},"saveOptions":null,"savedState":{},"saving":null,"validating":null},"$isNew":false,"_doc":{"__v":0,"_id":"68ed014e074a5008fad02059","content":"new post9","createdAt":"2025-10-13T13:40:30.558Z","mediaIds":["68ece7f2c86a100fe72e5434"],"updatedAt":"2025-10-13T13:40:30.558Z","user":"68da61ad1e3d4412b0decc97"},"level":"info","message":"Post created successfully","service":"post-service","timestamp":"2025-10-13T13:40:30.655Z"}
{"level":"info","message":"Request: GET /api/posts/posts","service":"post-service","timestamp":"2025-10-13T13:41:43.276Z"}
{"level":"info","message":"Request Headers: {\"authorization\":\"Bearer eyJhbGciOiJIUzI1NiIsInR5cCI6IkpXVCJ9.eyJ1c2VySWQiOiI2OGRhNjFhZDFlM2Q0NDEyYjBkZWNjOTciLCJ1c2VybmFtZSI6Imtld2FsNCIsImlhdCI6MTc2MDM2MjE5MSwiZXhwIjoxNzYwMzYzMDkxfQ.EZ2bqOV9NL5u_Kgk_O8UElDEiYvq7-LpVMgZhiqL3qs\",\"user-agent\":\"PostmanRuntime/7.48.0\",\"accept\":\"*/*\",\"postman-token\":\"0dde57aa-fe46-4c14-95f1-eae6a963cb00\",\"accept-encoding\":\"gzip, deflate, br\",\"connection\":\"close\",\"content-type\":\"application/json\",\"x-user-id\":\"68da61ad1e3d4412b0decc97\",\"content-length\":\"0\",\"accept-charset\":\"utf-8\",\"host\":\"localhost:3002\"}","service":"post-service","timestamp":"2025-10-13T13:41:43.322Z"}
{"level":"info","message":"getAllPosts endpoint hit","service":"post-service","timestamp":"2025-10-13T13:41:43.326Z"}
{"currentPage":1,"level":"info","limit":10,"message":"Posts fetched successfully","posts":[{"__v":0,"_id":"68ed014e074a5008fad02059","content":"new post9","createdAt":"2025-10-13T13:40:30.558Z","mediaIds":["68ece7f2c86a100fe72e5434"],"updatedAt":"2025-10-13T13:40:30.558Z","user":"68da61ad1e3d4412b0decc97"},{"__v":0,"_id":"68df77da9ddddc0c59374ac2","content":"new post8","createdAt":"2025-10-03T07:14:34.922Z","mediaIds":[],"updatedAt":"2025-10-03T07:14:34.922Z","user":"68da61ad1e3d4412b0decc97"},{"__v":0,"_id":"68df53715ba3a045976c403d","content":"new post6","createdAt":"2025-10-03T04:39:13.837Z","mediaIds":[],"updatedAt":"2025-10-03T04:39:13.837Z","user":"68da61ad1e3d4412b0decc97"},{"__v":0,"_id":"68df536a5ba3a045976c403b","content":"new post5","createdAt":"2025-10-03T04:39:06.395Z","mediaIds":[],"updatedAt":"2025-10-03T04:39:06.395Z","user":"68da61ad1e3d4412b0decc97"},{"__v":0,"_id":"68df53645ba3a045976c4039","content":"new post4","createdAt":"2025-10-03T04:39:00.250Z","mediaIds":[],"updatedAt":"2025-10-03T04:39:00.250Z","user":"68da61ad1e3d4412b0decc97"},{"__v":0,"_id":"68df535b5ba3a045976c4037","content":"new post3","createdAt":"2025-10-03T04:38:51.302Z","mediaIds":[],"updatedAt":"2025-10-03T04:38:51.302Z","user":"68da61ad1e3d4412b0decc97"},{"__v":0,"_id":"68df534e5ba3a045976c4035","content":"new post2","createdAt":"2025-10-03T04:38:38.080Z","mediaIds":[],"updatedAt":"2025-10-03T04:38:38.080Z","user":"68da61ad1e3d4412b0decc97"},{"__v":0,"_id":"68dcd443c429977ac468b101","content":"new post","createdAt":"2025-10-01T07:12:03.341Z","mediaIds":[],"updatedAt":"2025-10-01T07:12:03.341Z","user":"68da61ad1e3d4412b0decc97"},{"__v":0,"_id":"68dcc659e08102d96043e418","content":"hello harshit","createdAt":"2025-10-01T06:12:41.350Z","mediaIds":[],"updatedAt":"2025-10-01T06:12:41.350Z","user":"68da61ad1e3d4412b0decc97"}],"service":"post-service","timestamp":"2025-10-13T13:41:43.478Z","totalPages":1,"totalPosts":9}
