{"level":"info","message":"Media service is running on port 3003","service":"media-service","timestamp":"2025-10-13T10:44:24.078Z"}
{"level":"info","message":"Connected to MongoDB Successfully","service":"media-service","timestamp":"2025-10-13T10:44:24.869Z"}
{"level":"info","message":"Media service is running on port 3003","service":"media-service","timestamp":"2025-10-13T10:44:55.831Z"}
{"level":"info","message":"Connected to MongoDB Successfully","service":"media-service","timestamp":"2025-10-13T10:44:58.482Z"}
{"level":"info","message":"Media service is running on port 3003","service":"media-service","timestamp":"2025-10-13T10:45:43.172Z"}
{"level":"info","message":"Connected to MongoDB Successfully","service":"media-service","timestamp":"2025-10-13T10:45:43.702Z"}
{"level":"info","message":"Media service is running on port 3003","service":"media-service","timestamp":"2025-10-13T10:45:50.805Z"}
{"level":"info","message":"Connected to MongoDB Successfully","service":"media-service","timestamp":"2025-10-13T10:45:51.261Z"}
{"level":"info","message":"Media service is running on port 3003","service":"media-service","timestamp":"2025-10-13T10:46:38.532Z"}
{"level":"info","message":"Connected to MongoDB Successfully","service":"media-service","timestamp":"2025-10-13T10:46:39.330Z"}
{"level":"info","message":"Connected to MongoDB Successfully","service":"media-service","timestamp":"2025-10-13T10:47:41.418Z"}
{"level":"info","message":"Media service is running on port 3003","service":"media-service","timestamp":"2025-10-13T10:48:07.184Z"}
{"level":"info","message":"Connected to MongoDB Successfully","service":"media-service","timestamp":"2025-10-13T10:48:07.586Z"}
{"level":"info","message":"Media service is running on port 3003","service":"media-service","timestamp":"2025-10-13T10:48:22.647Z"}
{"level":"info","message":"Connected to MongoDB Successfully","service":"media-service","timestamp":"2025-10-13T10:48:23.196Z"}
{"level":"info","message":"Media service is running on port 3003","service":"media-service","timestamp":"2025-10-13T10:50:04.707Z"}
{"level":"info","message":"Connected to MongoDB Successfully","service":"media-service","timestamp":"2025-10-13T10:50:05.318Z"}
{"level":"error","message":"TypeError: Cannot read properties of undefined (reading 'error')\n    at C:\\Users\\harshit\\Desktop\\projects\\social-media-microservices\\media-service\\src\\routes\\media-routes.js:30:20\n    at multerMiddleware (C:\\Users\\harshit\\Desktop\\projects\\social-media-microservices\\media-service\\node_modules\\multer\\lib\\make-middleware.js:40:14)\n    at C:\\Users\\harshit\\Desktop\\projects\\social-media-microservices\\media-service\\src\\routes\\media-routes.js:20:5\n    at Layer.handleRequest (C:\\Users\\harshit\\Desktop\\projects\\social-media-microservices\\media-service\\node_modules\\router\\lib\\layer.js:152:17)\n    at next (C:\\Users\\harshit\\Desktop\\projects\\social-media-microservices\\media-service\\node_modules\\router\\lib\\route.js:157:13)\n    at authenticateUser (C:\\Users\\harshit\\Desktop\\projects\\social-media-microservices\\media-service\\src\\middleware\\auth-middleware.js:15:6)\n    at Layer.handleRequest (C:\\Users\\harshit\\Desktop\\projects\\social-media-microservices\\media-service\\node_modules\\router\\lib\\layer.js:152:17)\n    at next (C:\\Users\\harshit\\Desktop\\projects\\social-media-microservices\\media-service\\node_modules\\router\\lib\\route.js:157:13)\n    at Route.dispatch (C:\\Users\\harshit\\Desktop\\projects\\social-media-microservices\\media-service\\node_modules\\router\\lib\\route.js:117:3)\n    at handle (C:\\Users\\harshit\\Desktop\\projects\\social-media-microservices\\media-service\\node_modules\\router\\index.js:435:11)","service":"media-service","timestamp":"2025-10-13T11:41:07.785Z"}
{"level":"info","message":"Media service is running on port 3003","service":"media-service","timestamp":"2025-10-13T11:45:07.049Z"}
{"level":"info","message":"Connected to MongoDB Successfully","service":"media-service","timestamp":"2025-10-13T11:45:07.799Z"}
{"level":"info","message":"Media service is running on port 3003","service":"media-service","timestamp":"2025-10-13T11:45:44.772Z"}
{"level":"info","message":"Connected to MongoDB Successfully","service":"media-service","timestamp":"2025-10-13T11:45:45.299Z"}
{"level":"error","message":"Error while uploading the file: Multipart: Boundary not found","service":"media-service","timestamp":"2025-10-13T11:47:09.646Z"}
{"level":"error","message":"Multer error while uploading the file: File too large","service":"media-service","timestamp":"2025-10-13T11:49:05.790Z"}
{"level":"info","message":"Uploading media to cloudinary","service":"media-service","timestamp":"2025-10-13T11:52:16.241Z"}
{"level":"info","message":"File Details: Quote.svg,image/svg+xml,<svg width=\"63\" height=\"56\" viewBox=\"0 0 63 56\" fill=\"none\" xmlns=\"http://www.w3.org/2000/svg\">\n<path d=\"M24.8977 6.54492C20.1516 9.70898 16.6945 12.7852 14.5266 15.7734C12.4172 18.7617 10.9523 22.6289 10.132 27.375C12.8273 26.6719 14.8781 26.3203 16.2844 26.3203C20.1516 26.3203 23.257 27.668 25.6008 30.3633C27.9445 33.0586 29.1164 36.5742 29.1164 40.9102C29.1164 45.2461 27.9152 48.7031 25.5129 51.2812C23.1691 53.8594 20.0344 55.1484 16.1086 55.1484C10.8352 55.1484 6.79219 52.9805 3.97969 48.6445C1.51875 44.7773 0.28828 40.0898 0.28828 34.582C0.28828 21.75 7.08516 10.5293 20.6789 0.919922L24.8977 6.54492ZM58.493 6.54492C53.7469 9.70898 50.2898 12.7852 48.1219 15.7734C46.0125 18.7617 44.5477 22.6289 43.7273 27.375C46.4227 26.6719 48.4734 26.3203 49.8797 26.3203C53.7469 26.3203 56.8523 27.668 59.1961 30.3633C61.5398 33.0586 62.7117 36.5742 62.7117 40.9102C62.7117 45.2461 61.5105 48.7031 59.1082 51.2812C56.7645 53.8594 53.6297 55.1484 49.7039 55.1484C44.4305 55.1484 40.3875 52.9805 37.575 48.6445C35.1141 44.7773 33.8836 40.0898 33.8836 34.582C33.8836 21.75 40.6805 10.5293 54.2742 0.919922L58.493 6.54492Z\" fill=\"#429BFF\" fill-opacity=\"0.36\"/>\n</svg>\n","service":"media-service","timestamp":"2025-10-13T11:52:16.243Z"}
{"level":"info","message":"file uploading to cloudinary started","service":"media-service","timestamp":"2025-10-13T11:52:16.245Z"}
{"level":"info","message":"file uploaded to cloudinary successfully Public ID: fvnqikkgmnycdwchcrxe","service":"media-service","timestamp":"2025-10-13T11:52:18.027Z"}
{"level":"info","message":"Media service is running on port 3003","service":"media-service","timestamp":"2025-10-13T11:57:36.492Z"}
{"level":"info","message":"Connected to MongoDB Successfully","service":"media-service","timestamp":"2025-10-13T11:57:37.354Z"}
{"level":"info","message":"Media service is running on port 3003","service":"media-service","timestamp":"2025-10-13T11:58:55.116Z"}
{"level":"info","message":"Connected to MongoDB Successfully","service":"media-service","timestamp":"2025-10-13T11:58:56.047Z"}
